<?xml version="1.0" encoding="UTF-8"?>
<!-- Generated by org.testng.reporters.JUnitXMLReporter -->
<testsuite hostname="DESKTOP-SJVNMGC" ignored="0" name="Test" tests="525" failures="16" timestamp="2020-06-30T12:01:27 GMT+07:00" time="0.672" errors="0">
  <testcase name="testAvgAge" time="0.009" classname="online_tusur.unit_online_tusur.StudentTestng">
    <skipped/>
  </testcase> <!-- testAvgAge -->
  <testcase name="testAvgAge" time="0.001" classname="online_tusur.unit_online_tusur.StudentTestng">
    <skipped/>
  </testcase> <!-- testAvgAge -->
  <testcase name="testAvgAge" time="0.001" classname="online_tusur.unit_online_tusur.StudentTestng">
    <skipped/>
  </testcase> <!-- testAvgAge -->
  <testcase name="testAvgAge" time="0.001" classname="online_tusur.unit_online_tusur.StudentTestng">
    <skipped/>
  </testcase> <!-- testAvgAge -->
  <testcase name="testAvgAge" time="0.001" classname="online_tusur.unit_online_tusur.StudentTestng">
    <skipped/>
  </testcase> <!-- testAvgAge -->
  <testcase name="testAvgAge" time="0.001" classname="online_tusur.unit_online_tusur.StudentTestng">
    <skipped/>
  </testcase> <!-- testAvgAge -->
  <testcase name="testAvgAge" time="0.001" classname="online_tusur.unit_online_tusur.StudentTestng">
    <skipped/>
  </testcase> <!-- testAvgAge -->
  <testcase name="testAvgAge" time="0.002" classname="online_tusur.unit_online_tusur.StudentTestng">
    <skipped/>
  </testcase> <!-- testAvgAge -->
  <testcase name="testAvgAge" time="0.001" classname="online_tusur.unit_online_tusur.StudentTestng">
    <skipped/>
  </testcase> <!-- testAvgAge -->
  <testcase name="testAvgAge" time="0.0" classname="online_tusur.unit_online_tusur.StudentTestng">
    <skipped/>
  </testcase> <!-- testAvgAge -->
  <testcase name="testAvgAge" time="0.001" classname="online_tusur.unit_online_tusur.StudentTestng">
    <skipped/>
  </testcase> <!-- testAvgAge -->
  <testcase name="testAvgAge" time="0.001" classname="online_tusur.unit_online_tusur.StudentTestng">
    <skipped/>
  </testcase> <!-- testAvgAge -->
  <testcase name="testAvgAge" time="0.001" classname="online_tusur.unit_online_tusur.StudentTestng">
    <skipped/>
  </testcase> <!-- testAvgAge -->
  <testcase name="testAvgAge" time="0.0" classname="online_tusur.unit_online_tusur.StudentTestng">
    <skipped/>
  </testcase> <!-- testAvgAge -->
  <testcase name="testAvgAge" time="0.001" classname="online_tusur.unit_online_tusur.StudentTestng">
    <skipped/>
  </testcase> <!-- testAvgAge -->
  <testcase name="testAvgAge" time="0.002" classname="online_tusur.unit_online_tusur.StudentTestng">
    <skipped/>
  </testcase> <!-- testAvgAge -->
  <testcase name="testAvgAge" time="0.001" classname="online_tusur.unit_online_tusur.StudentTestng">
    <skipped/>
  </testcase> <!-- testAvgAge -->
  <testcase name="testAvgAge" time="0.0" classname="online_tusur.unit_online_tusur.StudentTestng">
    <skipped/>
  </testcase> <!-- testAvgAge -->
  <testcase name="testAvgAge" time="0.001" classname="online_tusur.unit_online_tusur.StudentTestng">
    <skipped/>
  </testcase> <!-- testAvgAge -->
  <testcase name="testAvgAge" time="0.001" classname="online_tusur.unit_online_tusur.StudentTestng">
    <skipped/>
  </testcase> <!-- testAvgAge -->
  <testcase name="testAvgAge" time="0.001" classname="online_tusur.unit_online_tusur.StudentTestng">
    <skipped/>
  </testcase> <!-- testAvgAge -->
  <testcase name="testAvgAge" time="0.001" classname="online_tusur.unit_online_tusur.StudentTestng">
    <skipped/>
  </testcase> <!-- testAvgAge -->
  <testcase name="testAvgAge" time="0.001" classname="online_tusur.unit_online_tusur.StudentTestng">
    <skipped/>
  </testcase> <!-- testAvgAge -->
  <testcase name="testAvgAge" time="0.001" classname="online_tusur.unit_online_tusur.StudentTestng">
    <skipped/>
  </testcase> <!-- testAvgAge -->
  <testcase name="testAvgAge" time="0.001" classname="online_tusur.unit_online_tusur.StudentTestng">
    <skipped/>
  </testcase> <!-- testAvgAge -->
  <testcase name="testAvgAge" time="0.001" classname="online_tusur.unit_online_tusur.StudentTestng">
    <skipped/>
  </testcase> <!-- testAvgAge -->
  <testcase name="testAvgAge" time="0.001" classname="online_tusur.unit_online_tusur.StudentTestng">
    <skipped/>
  </testcase> <!-- testAvgAge -->
  <testcase name="testAvgAge" time="0.001" classname="online_tusur.unit_online_tusur.StudentTestng">
    <skipped/>
  </testcase> <!-- testAvgAge -->
  <testcase name="testAvgAge" time="0.0" classname="online_tusur.unit_online_tusur.StudentTestng">
    <skipped/>
  </testcase> <!-- testAvgAge -->
  <testcase name="testAvgAge" time="0.0" classname="online_tusur.unit_online_tusur.StudentTestng">
    <skipped/>
  </testcase> <!-- testAvgAge -->
  <testcase name="testAvgAge" time="0.0" classname="online_tusur.unit_online_tusur.StudentTestng">
    <skipped/>
  </testcase> <!-- testAvgAge -->
  <testcase name="testAvgAge" time="0.001" classname="online_tusur.unit_online_tusur.StudentTestng">
    <skipped/>
  </testcase> <!-- testAvgAge -->
  <testcase name="testAvgAge" time="0.0" classname="online_tusur.unit_online_tusur.StudentTestng">
    <skipped/>
  </testcase> <!-- testAvgAge -->
  <testcase name="testAvgAge" time="0.001" classname="online_tusur.unit_online_tusur.StudentTestng">
    <skipped/>
  </testcase> <!-- testAvgAge -->
  <testcase name="testAvgAge" time="0.002" classname="online_tusur.unit_online_tusur.StudentTestng">
    <skipped/>
  </testcase> <!-- testAvgAge -->
  <testcase name="testAvgAge" time="0.0" classname="online_tusur.unit_online_tusur.StudentTestng">
    <skipped/>
  </testcase> <!-- testAvgAge -->
  <testcase name="testAvgAge" time="0.0" classname="online_tusur.unit_online_tusur.StudentTestng">
    <skipped/>
  </testcase> <!-- testAvgAge -->
  <testcase name="testAvgAge" time="0.001" classname="online_tusur.unit_online_tusur.StudentTestng">
    <skipped/>
  </testcase> <!-- testAvgAge -->
  <testcase name="testAvgAge" time="0.0" classname="online_tusur.unit_online_tusur.StudentTestng">
    <skipped/>
  </testcase> <!-- testAvgAge -->
  <testcase name="testAvgAge" time="0.001" classname="online_tusur.unit_online_tusur.StudentTestng">
    <skipped/>
  </testcase> <!-- testAvgAge -->
  <testcase name="testAvgAge" time="0.0" classname="online_tusur.unit_online_tusur.StudentTestng">
    <skipped/>
  </testcase> <!-- testAvgAge -->
  <testcase name="testAvgAge" time="0.001" classname="online_tusur.unit_online_tusur.StudentTestng">
    <skipped/>
  </testcase> <!-- testAvgAge -->
  <testcase name="testAvgAge" time="0.001" classname="online_tusur.unit_online_tusur.StudentTestng">
    <skipped/>
  </testcase> <!-- testAvgAge -->
  <testcase name="testAvgAge" time="0.001" classname="online_tusur.unit_online_tusur.StudentTestng">
    <skipped/>
  </testcase> <!-- testAvgAge -->
  <testcase name="testAvgAge" time="0.001" classname="online_tusur.unit_online_tusur.StudentTestng">
    <skipped/>
  </testcase> <!-- testAvgAge -->
  <testcase name="testAvgAge" time="0.003" classname="online_tusur.unit_online_tusur.StudentTestng">
    <skipped/>
  </testcase> <!-- testAvgAge -->
  <testcase name="testAvgAge" time="0.001" classname="online_tusur.unit_online_tusur.StudentTestng">
    <skipped/>
  </testcase> <!-- testAvgAge -->
  <testcase name="testAvgAge" time="0.0" classname="online_tusur.unit_online_tusur.StudentTestng">
    <skipped/>
  </testcase> <!-- testAvgAge -->
  <testcase name="testAvgAge" time="0.001" classname="online_tusur.unit_online_tusur.StudentTestng">
    <skipped/>
  </testcase> <!-- testAvgAge -->
  <testcase name="testAvgAge" time="0.001" classname="online_tusur.unit_online_tusur.StudentTestng">
    <skipped/>
  </testcase> <!-- testAvgAge -->
  <testcase name="testAvgAge" time="0.0" classname="online_tusur.unit_online_tusur.StudentTestng">
    <skipped/>
  </testcase> <!-- testAvgAge -->
  <testcase name="testAvgAge" time="0.001" classname="online_tusur.unit_online_tusur.StudentTestng">
    <skipped/>
  </testcase> <!-- testAvgAge -->
  <testcase name="testAvgAge" time="0.001" classname="online_tusur.unit_online_tusur.StudentTestng">
    <skipped/>
  </testcase> <!-- testAvgAge -->
  <testcase name="testAvgAge" time="0.0" classname="online_tusur.unit_online_tusur.StudentTestng">
    <skipped/>
  </testcase> <!-- testAvgAge -->
  <testcase name="testAvgAge" time="0.001" classname="online_tusur.unit_online_tusur.StudentTestng">
    <skipped/>
  </testcase> <!-- testAvgAge -->
  <testcase name="testAvgAge" time="0.0" classname="online_tusur.unit_online_tusur.StudentTestng">
    <skipped/>
  </testcase> <!-- testAvgAge -->
  <testcase name="testAvgAge" time="0.001" classname="online_tusur.unit_online_tusur.StudentTestng">
    <skipped/>
  </testcase> <!-- testAvgAge -->
  <testcase name="testAvgAge" time="0.001" classname="online_tusur.unit_online_tusur.StudentTestng">
    <skipped/>
  </testcase> <!-- testAvgAge -->
  <testcase name="testAvgAge" time="0.001" classname="online_tusur.unit_online_tusur.StudentTestng">
    <skipped/>
  </testcase> <!-- testAvgAge -->
  <testcase name="testAvgAge" time="0.001" classname="online_tusur.unit_online_tusur.StudentTestng">
    <skipped/>
  </testcase> <!-- testAvgAge -->
  <testcase name="testAvgAge" time="0.001" classname="online_tusur.unit_online_tusur.StudentTestng">
    <skipped/>
  </testcase> <!-- testAvgAge -->
  <testcase name="testAvgAge" time="0.001" classname="online_tusur.unit_online_tusur.StudentTestng">
    <skipped/>
  </testcase> <!-- testAvgAge -->
  <testcase name="testAvgAge" time="0.001" classname="online_tusur.unit_online_tusur.StudentTestng">
    <skipped/>
  </testcase> <!-- testAvgAge -->
  <testcase name="testAvgAge" time="0.0" classname="online_tusur.unit_online_tusur.StudentTestng">
    <skipped/>
  </testcase> <!-- testAvgAge -->
  <testcase name="testAvgAge" time="0.001" classname="online_tusur.unit_online_tusur.StudentTestng">
    <skipped/>
  </testcase> <!-- testAvgAge -->
  <testcase name="testAvgAge" time="0.001" classname="online_tusur.unit_online_tusur.StudentTestng">
    <skipped/>
  </testcase> <!-- testAvgAge -->
  <testcase name="testAvgAge" time="0.001" classname="online_tusur.unit_online_tusur.StudentTestng">
    <skipped/>
  </testcase> <!-- testAvgAge -->
  <testcase name="testAvgAge" time="0.001" classname="online_tusur.unit_online_tusur.StudentTestng">
    <skipped/>
  </testcase> <!-- testAvgAge -->
  <testcase name="testAvgAge" time="0.0" classname="online_tusur.unit_online_tusur.StudentTestng">
    <skipped/>
  </testcase> <!-- testAvgAge -->
  <testcase name="testAvgAge" time="0.001" classname="online_tusur.unit_online_tusur.StudentTestng">
    <skipped/>
  </testcase> <!-- testAvgAge -->
  <testcase name="testAvgAge" time="0.001" classname="online_tusur.unit_online_tusur.StudentTestng">
    <skipped/>
  </testcase> <!-- testAvgAge -->
  <testcase name="testAvgAge" time="0.002" classname="online_tusur.unit_online_tusur.StudentTestng">
    <skipped/>
  </testcase> <!-- testAvgAge -->
  <testcase name="testAvgAge" time="0.001" classname="online_tusur.unit_online_tusur.StudentTestng">
    <skipped/>
  </testcase> <!-- testAvgAge -->
  <testcase name="testAvgAge" time="0.001" classname="online_tusur.unit_online_tusur.StudentTestng">
    <skipped/>
  </testcase> <!-- testAvgAge -->
  <testcase name="testAvgAge" time="0.0" classname="online_tusur.unit_online_tusur.StudentTestng">
    <skipped/>
  </testcase> <!-- testAvgAge -->
  <testcase name="testAvgAge" time="0.001" classname="online_tusur.unit_online_tusur.StudentTestng">
    <skipped/>
  </testcase> <!-- testAvgAge -->
  <testcase name="testAvgAge" time="0.0" classname="online_tusur.unit_online_tusur.StudentTestng">
    <skipped/>
  </testcase> <!-- testAvgAge -->
  <testcase name="testAvgAge" time="0.001" classname="online_tusur.unit_online_tusur.StudentTestng">
    <skipped/>
  </testcase> <!-- testAvgAge -->
  <testcase name="testAvgAge" time="0.001" classname="online_tusur.unit_online_tusur.StudentTestng">
    <skipped/>
  </testcase> <!-- testAvgAge -->
  <testcase name="testAvgAge" time="0.001" classname="online_tusur.unit_online_tusur.StudentTestng">
    <skipped/>
  </testcase> <!-- testAvgAge -->
  <testcase name="testAvgAge" time="0.0" classname="online_tusur.unit_online_tusur.StudentTestng">
    <skipped/>
  </testcase> <!-- testAvgAge -->
  <testcase name="testAvgAge" time="0.0" classname="online_tusur.unit_online_tusur.StudentTestng">
    <skipped/>
  </testcase> <!-- testAvgAge -->
  <testcase name="testAvgAge" time="0.0" classname="online_tusur.unit_online_tusur.StudentTestng">
    <skipped/>
  </testcase> <!-- testAvgAge -->
  <testcase name="testAvgAge" time="0.0" classname="online_tusur.unit_online_tusur.StudentTestng">
    <skipped/>
  </testcase> <!-- testAvgAge -->
  <testcase name="testAvgAge" time="0.0" classname="online_tusur.unit_online_tusur.StudentTestng">
    <skipped/>
  </testcase> <!-- testAvgAge -->
  <testcase name="testAvgAge" time="0.001" classname="online_tusur.unit_online_tusur.StudentTestng">
    <skipped/>
  </testcase> <!-- testAvgAge -->
  <testcase name="testAvgAge" time="0.001" classname="online_tusur.unit_online_tusur.StudentTestng">
    <skipped/>
  </testcase> <!-- testAvgAge -->
  <testcase name="testAvgAge" time="0.001" classname="online_tusur.unit_online_tusur.StudentTestng">
    <skipped/>
  </testcase> <!-- testAvgAge -->
  <testcase name="testAvgAge" time="0.001" classname="online_tusur.unit_online_tusur.StudentTestng">
    <skipped/>
  </testcase> <!-- testAvgAge -->
  <testcase name="testAvgAge" time="0.001" classname="online_tusur.unit_online_tusur.StudentTestng">
    <skipped/>
  </testcase> <!-- testAvgAge -->
  <testcase name="testAvgAge" time="0.0" classname="online_tusur.unit_online_tusur.StudentTestng">
    <skipped/>
  </testcase> <!-- testAvgAge -->
  <testcase name="testAvgAge" time="0.001" classname="online_tusur.unit_online_tusur.StudentTestng">
    <skipped/>
  </testcase> <!-- testAvgAge -->
  <testcase name="testAvgAge" time="0.0" classname="online_tusur.unit_online_tusur.StudentTestng">
    <skipped/>
  </testcase> <!-- testAvgAge -->
  <testcase name="testAvgAge" time="0.001" classname="online_tusur.unit_online_tusur.StudentTestng">
    <skipped/>
  </testcase> <!-- testAvgAge -->
  <testcase name="testAvgAge" time="0.0" classname="online_tusur.unit_online_tusur.StudentTestng">
    <skipped/>
  </testcase> <!-- testAvgAge -->
  <testcase name="testAvgAge" time="0.001" classname="online_tusur.unit_online_tusur.StudentTestng">
    <skipped/>
  </testcase> <!-- testAvgAge -->
  <testcase name="testAvgAge" time="0.001" classname="online_tusur.unit_online_tusur.StudentTestng">
    <skipped/>
  </testcase> <!-- testAvgAge -->
  <testcase name="testAvgAge" time="0.001" classname="online_tusur.unit_online_tusur.StudentTestng">
    <skipped/>
  </testcase> <!-- testAvgAge -->
  <testcase name="testAvgAge" time="0.001" classname="online_tusur.unit_online_tusur.StudentTestng">
    <skipped/>
  </testcase> <!-- testAvgAge -->
  <testcase name="testAvgAge" time="0.001" classname="online_tusur.unit_online_tusur.StudentTestng">
    <skipped/>
  </testcase> <!-- testAvgAge -->
  <testcase name="testAvgAge" time="0.001" classname="online_tusur.unit_online_tusur.StudentTestng">
    <skipped/>
  </testcase> <!-- testAvgAge -->
  <testcase name="testAvgAge" time="0.001" classname="online_tusur.unit_online_tusur.StudentTestng">
    <skipped/>
  </testcase> <!-- testAvgAge -->
  <testcase name="testAvgAge" time="0.001" classname="online_tusur.unit_online_tusur.StudentTestng">
    <skipped/>
  </testcase> <!-- testAvgAge -->
  <testcase name="testAvgAge" time="0.0" classname="online_tusur.unit_online_tusur.StudentTestng">
    <skipped/>
  </testcase> <!-- testAvgAge -->
  <testcase name="testAvgAge" time="0.001" classname="online_tusur.unit_online_tusur.StudentTestng">
    <skipped/>
  </testcase> <!-- testAvgAge -->
  <testcase name="testAvgAge" time="0.0" classname="online_tusur.unit_online_tusur.StudentTestng">
    <skipped/>
  </testcase> <!-- testAvgAge -->
  <testcase name="testAvgAge" time="0.001" classname="online_tusur.unit_online_tusur.StudentTestng">
    <skipped/>
  </testcase> <!-- testAvgAge -->
  <testcase name="testAvgAge" time="0.001" classname="online_tusur.unit_online_tusur.StudentTestng">
    <skipped/>
  </testcase> <!-- testAvgAge -->
  <testcase name="testAvgAge" time="0.0" classname="online_tusur.unit_online_tusur.StudentTestng">
    <skipped/>
  </testcase> <!-- testAvgAge -->
  <testcase name="testAvgAge" time="0.001" classname="online_tusur.unit_online_tusur.StudentTestng">
    <skipped/>
  </testcase> <!-- testAvgAge -->
  <testcase name="testAvgAge" time="0.001" classname="online_tusur.unit_online_tusur.StudentTestng">
    <skipped/>
  </testcase> <!-- testAvgAge -->
  <testcase name="testAvgAge" time="0.0" classname="online_tusur.unit_online_tusur.StudentTestng">
    <skipped/>
  </testcase> <!-- testAvgAge -->
  <testcase name="testAvgAge" time="0.001" classname="online_tusur.unit_online_tusur.StudentTestng">
    <skipped/>
  </testcase> <!-- testAvgAge -->
  <testcase name="testAvgAge" time="0.001" classname="online_tusur.unit_online_tusur.StudentTestng">
    <skipped/>
  </testcase> <!-- testAvgAge -->
  <testcase name="testAvgAge" time="0.0" classname="online_tusur.unit_online_tusur.StudentTestng">
    <skipped/>
  </testcase> <!-- testAvgAge -->
  <testcase name="testAvgAge" time="0.001" classname="online_tusur.unit_online_tusur.StudentTestng">
    <skipped/>
  </testcase> <!-- testAvgAge -->
  <testcase name="testAvgAge" time="0.001" classname="online_tusur.unit_online_tusur.StudentTestng">
    <skipped/>
  </testcase> <!-- testAvgAge -->
  <testcase name="testAvgAge" time="0.0" classname="online_tusur.unit_online_tusur.StudentTestng">
    <skipped/>
  </testcase> <!-- testAvgAge -->
  <testcase name="testAvgAge" time="0.0" classname="online_tusur.unit_online_tusur.StudentTestng">
    <skipped/>
  </testcase> <!-- testAvgAge -->
  <testcase name="testAvgAge" time="0.001" classname="online_tusur.unit_online_tusur.StudentTestng">
    <skipped/>
  </testcase> <!-- testAvgAge -->
  <testcase name="testAvgAge" time="0.001" classname="online_tusur.unit_online_tusur.StudentTestng">
    <skipped/>
  </testcase> <!-- testAvgAge -->
  <testcase name="testAvgAge" time="0.001" classname="online_tusur.unit_online_tusur.StudentTestng">
    <skipped/>
  </testcase> <!-- testAvgAge -->
  <testcase name="testAvgAge" time="0.001" classname="online_tusur.unit_online_tusur.StudentTestng">
    <skipped/>
  </testcase> <!-- testAvgAge -->
  <testcase name="testAvgAge" time="0.0" classname="online_tusur.unit_online_tusur.StudentTestng">
    <skipped/>
  </testcase> <!-- testAvgAge -->
  <testcase name="testAvgAge" time="0.0" classname="online_tusur.unit_online_tusur.StudentTestng">
    <skipped/>
  </testcase> <!-- testAvgAge -->
  <testcase name="testAvgAge" time="0.001" classname="online_tusur.unit_online_tusur.StudentTestng">
    <skipped/>
  </testcase> <!-- testAvgAge -->
  <testcase name="testAvgAge" time="0.001" classname="online_tusur.unit_online_tusur.StudentTestng">
    <skipped/>
  </testcase> <!-- testAvgAge -->
  <testcase name="testAvgAge" time="0.0" classname="online_tusur.unit_online_tusur.StudentTestng">
    <skipped/>
  </testcase> <!-- testAvgAge -->
  <testcase name="testAvgAge" time="0.001" classname="online_tusur.unit_online_tusur.StudentTestng">
    <skipped/>
  </testcase> <!-- testAvgAge -->
  <testcase name="testAvgAge" time="0.0" classname="online_tusur.unit_online_tusur.StudentTestng">
    <skipped/>
  </testcase> <!-- testAvgAge -->
  <testcase name="testAvgAge" time="0.001" classname="online_tusur.unit_online_tusur.StudentTestng">
    <skipped/>
  </testcase> <!-- testAvgAge -->
  <testcase name="testAvgAge" time="0.001" classname="online_tusur.unit_online_tusur.StudentTestng">
    <skipped/>
  </testcase> <!-- testAvgAge -->
  <testcase name="testAvgAge" time="0.001" classname="online_tusur.unit_online_tusur.StudentTestng">
    <skipped/>
  </testcase> <!-- testAvgAge -->
  <testcase name="testAvgAge" time="0.001" classname="online_tusur.unit_online_tusur.StudentTestng">
    <skipped/>
  </testcase> <!-- testAvgAge -->
  <testcase name="testAvgAge" time="0.0" classname="online_tusur.unit_online_tusur.StudentTestng">
    <skipped/>
  </testcase> <!-- testAvgAge -->
  <testcase name="testAvgAge" time="0.001" classname="online_tusur.unit_online_tusur.StudentTestng">
    <skipped/>
  </testcase> <!-- testAvgAge -->
  <testcase name="testAvgAge" time="0.0" classname="online_tusur.unit_online_tusur.StudentTestng">
    <skipped/>
  </testcase> <!-- testAvgAge -->
  <testcase name="testAvgAge" time="0.001" classname="online_tusur.unit_online_tusur.StudentTestng">
    <skipped/>
  </testcase> <!-- testAvgAge -->
  <testcase name="testAvgAge" time="0.001" classname="online_tusur.unit_online_tusur.StudentTestng">
    <skipped/>
  </testcase> <!-- testAvgAge -->
  <testcase name="testAvgAge" time="0.001" classname="online_tusur.unit_online_tusur.StudentTestng">
    <skipped/>
  </testcase> <!-- testAvgAge -->
  <testcase name="testAvgAge" time="0.001" classname="online_tusur.unit_online_tusur.StudentTestng">
    <skipped/>
  </testcase> <!-- testAvgAge -->
  <testcase name="testAvgAge" time="0.0" classname="online_tusur.unit_online_tusur.StudentTestng">
    <skipped/>
  </testcase> <!-- testAvgAge -->
  <testcase name="testAvgAge" time="0.0" classname="online_tusur.unit_online_tusur.StudentTestng">
    <skipped/>
  </testcase> <!-- testAvgAge -->
  <testcase name="testAvgAge" time="0.0" classname="online_tusur.unit_online_tusur.StudentTestng">
    <skipped/>
  </testcase> <!-- testAvgAge -->
  <testcase name="testAvgAge" time="0.0" classname="online_tusur.unit_online_tusur.StudentTestng">
    <skipped/>
  </testcase> <!-- testAvgAge -->
  <testcase name="testAvgAge" time="0.001" classname="online_tusur.unit_online_tusur.StudentTestng">
    <skipped/>
  </testcase> <!-- testAvgAge -->
  <testcase name="testAvgAge" time="0.001" classname="online_tusur.unit_online_tusur.StudentTestng">
    <skipped/>
  </testcase> <!-- testAvgAge -->
  <testcase name="testAvgAge" time="0.001" classname="online_tusur.unit_online_tusur.StudentTestng">
    <skipped/>
  </testcase> <!-- testAvgAge -->
  <testcase name="testAvgAge" time="0.001" classname="online_tusur.unit_online_tusur.StudentTestng">
    <skipped/>
  </testcase> <!-- testAvgAge -->
  <testcase name="testAvgAge" time="0.0" classname="online_tusur.unit_online_tusur.StudentTestng">
    <skipped/>
  </testcase> <!-- testAvgAge -->
  <testcase name="testAvgAge" time="0.001" classname="online_tusur.unit_online_tusur.StudentTestng">
    <skipped/>
  </testcase> <!-- testAvgAge -->
  <testcase name="testAvgAge" time="0.0" classname="online_tusur.unit_online_tusur.StudentTestng">
    <skipped/>
  </testcase> <!-- testAvgAge -->
  <testcase name="testAvgAge" time="0.0" classname="online_tusur.unit_online_tusur.StudentTestng">
    <skipped/>
  </testcase> <!-- testAvgAge -->
  <testcase name="testAvgAge" time="0.0" classname="online_tusur.unit_online_tusur.StudentTestng">
    <skipped/>
  </testcase> <!-- testAvgAge -->
  <testcase name="testAvgAge" time="0.0" classname="online_tusur.unit_online_tusur.StudentTestng">
    <skipped/>
  </testcase> <!-- testAvgAge -->
  <testcase name="testAvgAge" time="0.001" classname="online_tusur.unit_online_tusur.StudentTestng">
    <skipped/>
  </testcase> <!-- testAvgAge -->
  <testcase name="testAvgAge" time="0.0" classname="online_tusur.unit_online_tusur.StudentTestng">
    <skipped/>
  </testcase> <!-- testAvgAge -->
  <testcase name="testAvgAge" time="0.0" classname="online_tusur.unit_online_tusur.StudentTestng">
    <skipped/>
  </testcase> <!-- testAvgAge -->
  <testcase name="testAvgAge" time="0.001" classname="online_tusur.unit_online_tusur.StudentTestng">
    <skipped/>
  </testcase> <!-- testAvgAge -->
  <testcase name="testAvgAge" time="0.001" classname="online_tusur.unit_online_tusur.StudentTestng">
    <skipped/>
  </testcase> <!-- testAvgAge -->
  <testcase name="testAvgAge" time="0.0" classname="online_tusur.unit_online_tusur.StudentTestng">
    <skipped/>
  </testcase> <!-- testAvgAge -->
  <testcase name="testAvgAge" time="0.0" classname="online_tusur.unit_online_tusur.StudentTestng">
    <skipped/>
  </testcase> <!-- testAvgAge -->
  <testcase name="testAvgAge" time="0.0" classname="online_tusur.unit_online_tusur.StudentTestng">
    <skipped/>
  </testcase> <!-- testAvgAge -->
  <testcase name="testAvgAge" time="0.001" classname="online_tusur.unit_online_tusur.StudentTestng">
    <skipped/>
  </testcase> <!-- testAvgAge -->
  <testcase name="testAvgAge" time="0.001" classname="online_tusur.unit_online_tusur.StudentTestng">
    <skipped/>
  </testcase> <!-- testAvgAge -->
  <testcase name="testAvgAge" time="0.001" classname="online_tusur.unit_online_tusur.StudentTestng">
    <skipped/>
  </testcase> <!-- testAvgAge -->
  <testcase name="testAvgAge" time="0.001" classname="online_tusur.unit_online_tusur.StudentTestng">
    <skipped/>
  </testcase> <!-- testAvgAge -->
  <testcase name="testAvgAge" time="0.0" classname="online_tusur.unit_online_tusur.StudentTestng">
    <skipped/>
  </testcase> <!-- testAvgAge -->
  <testcase name="testAvgAge" time="0.0" classname="online_tusur.unit_online_tusur.StudentTestng">
    <skipped/>
  </testcase> <!-- testAvgAge -->
  <testcase name="testAvgAge" time="0.0" classname="online_tusur.unit_online_tusur.StudentTestng">
    <skipped/>
  </testcase> <!-- testAvgAge -->
  <testcase name="testAvgAge" time="0.0" classname="online_tusur.unit_online_tusur.StudentTestng">
    <skipped/>
  </testcase> <!-- testAvgAge -->
  <testcase name="testAvgAge" time="0.0" classname="online_tusur.unit_online_tusur.StudentTestng">
    <skipped/>
  </testcase> <!-- testAvgAge -->
  <testcase name="testAvgAge" time="0.001" classname="online_tusur.unit_online_tusur.StudentTestng">
    <skipped/>
  </testcase> <!-- testAvgAge -->
  <testcase name="testAvgAge" time="0.001" classname="online_tusur.unit_online_tusur.StudentTestng">
    <skipped/>
  </testcase> <!-- testAvgAge -->
  <testcase name="testAvgAge" time="0.001" classname="online_tusur.unit_online_tusur.StudentTestng">
    <skipped/>
  </testcase> <!-- testAvgAge -->
  <testcase name="testAvgAge" time="0.001" classname="online_tusur.unit_online_tusur.StudentTestng">
    <skipped/>
  </testcase> <!-- testAvgAge -->
  <testcase name="testAvgAge" time="0.0" classname="online_tusur.unit_online_tusur.StudentTestng">
    <skipped/>
  </testcase> <!-- testAvgAge -->
  <testcase name="testAvgAge" time="0.0" classname="online_tusur.unit_online_tusur.StudentTestng">
    <skipped/>
  </testcase> <!-- testAvgAge -->
  <testcase name="testAvgAge" time="0.0" classname="online_tusur.unit_online_tusur.StudentTestng">
    <skipped/>
  </testcase> <!-- testAvgAge -->
  <testcase name="testAvgAge" time="0.001" classname="online_tusur.unit_online_tusur.StudentTestng">
    <skipped/>
  </testcase> <!-- testAvgAge -->
  <testcase name="testAvgAge" time="0.0" classname="online_tusur.unit_online_tusur.StudentTestng">
    <skipped/>
  </testcase> <!-- testAvgAge -->
  <testcase name="testAvgAge" time="0.0" classname="online_tusur.unit_online_tusur.StudentTestng">
    <skipped/>
  </testcase> <!-- testAvgAge -->
  <testcase name="testAvgAge" time="0.0" classname="online_tusur.unit_online_tusur.StudentTestng">
    <skipped/>
  </testcase> <!-- testAvgAge -->
  <testcase name="testAvgAge" time="0.0" classname="online_tusur.unit_online_tusur.StudentTestng">
    <skipped/>
  </testcase> <!-- testAvgAge -->
  <testcase name="testAvgAge" time="0.0" classname="online_tusur.unit_online_tusur.StudentTestng">
    <skipped/>
  </testcase> <!-- testAvgAge -->
  <testcase name="testAvgAge" time="0.0" classname="online_tusur.unit_online_tusur.StudentTestng">
    <skipped/>
  </testcase> <!-- testAvgAge -->
  <testcase name="testAvgAge" time="0.0" classname="online_tusur.unit_online_tusur.StudentTestng">
    <skipped/>
  </testcase> <!-- testAvgAge -->
  <testcase name="testAvgAge" time="0.001" classname="online_tusur.unit_online_tusur.StudentTestng">
    <skipped/>
  </testcase> <!-- testAvgAge -->
  <testcase name="testAvgAge" time="0.001" classname="online_tusur.unit_online_tusur.StudentTestng">
    <skipped/>
  </testcase> <!-- testAvgAge -->
  <testcase name="testAvgAge" time="0.0" classname="online_tusur.unit_online_tusur.StudentTestng">
    <skipped/>
  </testcase> <!-- testAvgAge -->
  <testcase name="testAvgAge" time="0.001" classname="online_tusur.unit_online_tusur.StudentTestng">
    <skipped/>
  </testcase> <!-- testAvgAge -->
  <testcase name="testAvgAge" time="0.001" classname="online_tusur.unit_online_tusur.StudentTestng">
    <skipped/>
  </testcase> <!-- testAvgAge -->
  <testcase name="testAvgAge" time="0.001" classname="online_tusur.unit_online_tusur.StudentTestng">
    <skipped/>
  </testcase> <!-- testAvgAge -->
  <testcase name="testAvgAge" time="0.001" classname="online_tusur.unit_online_tusur.StudentTestng">
    <skipped/>
  </testcase> <!-- testAvgAge -->
  <testcase name="testAvgAge" time="0.001" classname="online_tusur.unit_online_tusur.StudentTestng">
    <skipped/>
  </testcase> <!-- testAvgAge -->
  <testcase name="testAvgAge" time="0.001" classname="online_tusur.unit_online_tusur.StudentTestng">
    <skipped/>
  </testcase> <!-- testAvgAge -->
  <testcase name="testAvgAge" time="0.0" classname="online_tusur.unit_online_tusur.StudentTestng">
    <skipped/>
  </testcase> <!-- testAvgAge -->
  <testcase name="testAvgAge" time="0.0" classname="online_tusur.unit_online_tusur.StudentTestng">
    <skipped/>
  </testcase> <!-- testAvgAge -->
  <testcase name="testAvgAge" time="0.001" classname="online_tusur.unit_online_tusur.StudentTestng">
    <skipped/>
  </testcase> <!-- testAvgAge -->
  <testcase name="testAvgAge" time="0.001" classname="online_tusur.unit_online_tusur.StudentTestng">
    <skipped/>
  </testcase> <!-- testAvgAge -->
  <testcase name="testAvgAge" time="0.001" classname="online_tusur.unit_online_tusur.StudentTestng">
    <skipped/>
  </testcase> <!-- testAvgAge -->
  <testcase name="testAvgAge" time="0.001" classname="online_tusur.unit_online_tusur.StudentTestng">
    <skipped/>
  </testcase> <!-- testAvgAge -->
  <testcase name="testAvgAge" time="0.001" classname="online_tusur.unit_online_tusur.StudentTestng">
    <skipped/>
  </testcase> <!-- testAvgAge -->
  <testcase name="testAvgAge" time="0.0" classname="online_tusur.unit_online_tusur.StudentTestng">
    <skipped/>
  </testcase> <!-- testAvgAge -->
  <testcase name="testAvgAge" time="0.0" classname="online_tusur.unit_online_tusur.StudentTestng">
    <skipped/>
  </testcase> <!-- testAvgAge -->
  <testcase name="testAvgAge" time="0.001" classname="online_tusur.unit_online_tusur.StudentTestng">
    <skipped/>
  </testcase> <!-- testAvgAge -->
  <testcase name="testAvgAge" time="0.0" classname="online_tusur.unit_online_tusur.StudentTestng">
    <skipped/>
  </testcase> <!-- testAvgAge -->
  <testcase name="testAvgAge" time="0.0" classname="online_tusur.unit_online_tusur.StudentTestng">
    <skipped/>
  </testcase> <!-- testAvgAge -->
  <testcase name="testAvgAge" time="0.0" classname="online_tusur.unit_online_tusur.StudentTestng">
    <skipped/>
  </testcase> <!-- testAvgAge -->
  <testcase name="testAvgAge" time="0.0" classname="online_tusur.unit_online_tusur.StudentTestng">
    <skipped/>
  </testcase> <!-- testAvgAge -->
  <testcase name="testAvgAge" time="0.0" classname="online_tusur.unit_online_tusur.StudentTestng">
    <skipped/>
  </testcase> <!-- testAvgAge -->
  <testcase name="testAvgAge" time="0.0" classname="online_tusur.unit_online_tusur.StudentTestng">
    <skipped/>
  </testcase> <!-- testAvgAge -->
  <testcase name="testAvgAge" time="0.001" classname="online_tusur.unit_online_tusur.StudentTestng">
    <skipped/>
  </testcase> <!-- testAvgAge -->
  <testcase name="testAvgAge" time="0.0" classname="online_tusur.unit_online_tusur.StudentTestng">
    <skipped/>
  </testcase> <!-- testAvgAge -->
  <testcase name="testAvgAge" time="0.0" classname="online_tusur.unit_online_tusur.StudentTestng">
    <skipped/>
  </testcase> <!-- testAvgAge -->
  <testcase name="testAvgAge" time="0.0" classname="online_tusur.unit_online_tusur.StudentTestng">
    <skipped/>
  </testcase> <!-- testAvgAge -->
  <testcase name="testAvgAge" time="0.0" classname="online_tusur.unit_online_tusur.StudentTestng">
    <skipped/>
  </testcase> <!-- testAvgAge -->
  <testcase name="testAvgAge" time="0.001" classname="online_tusur.unit_online_tusur.StudentTestng">
    <skipped/>
  </testcase> <!-- testAvgAge -->
  <testcase name="testAvgAge" time="0.001" classname="online_tusur.unit_online_tusur.StudentTestng">
    <skipped/>
  </testcase> <!-- testAvgAge -->
  <testcase name="testAvgAge" time="0.001" classname="online_tusur.unit_online_tusur.StudentTestng">
    <skipped/>
  </testcase> <!-- testAvgAge -->
  <testcase name="testAvgAge" time="0.001" classname="online_tusur.unit_online_tusur.StudentTestng">
    <skipped/>
  </testcase> <!-- testAvgAge -->
  <testcase name="testAvgAge" time="0.0" classname="online_tusur.unit_online_tusur.StudentTestng">
    <skipped/>
  </testcase> <!-- testAvgAge -->
  <testcase name="testAvgAge" time="0.0" classname="online_tusur.unit_online_tusur.StudentTestng">
    <skipped/>
  </testcase> <!-- testAvgAge -->
  <testcase name="testAvgAge" time="0.0" classname="online_tusur.unit_online_tusur.StudentTestng">
    <skipped/>
  </testcase> <!-- testAvgAge -->
  <testcase name="testAvgAge" time="0.0" classname="online_tusur.unit_online_tusur.StudentTestng">
    <skipped/>
  </testcase> <!-- testAvgAge -->
  <testcase name="testAvgAge" time="0.0" classname="online_tusur.unit_online_tusur.StudentTestng">
    <skipped/>
  </testcase> <!-- testAvgAge -->
  <testcase name="testAvgAge" time="0.0" classname="online_tusur.unit_online_tusur.StudentTestng">
    <skipped/>
  </testcase> <!-- testAvgAge -->
  <testcase name="testAvgAge" time="0.0" classname="online_tusur.unit_online_tusur.StudentTestng">
    <skipped/>
  </testcase> <!-- testAvgAge -->
  <testcase name="testAvgAge" time="0.0" classname="online_tusur.unit_online_tusur.StudentTestng">
    <skipped/>
  </testcase> <!-- testAvgAge -->
  <testcase name="testAvgAge" time="0.001" classname="online_tusur.unit_online_tusur.StudentTestng">
    <skipped/>
  </testcase> <!-- testAvgAge -->
  <testcase name="testAvgAge" time="0.001" classname="online_tusur.unit_online_tusur.StudentTestng">
    <skipped/>
  </testcase> <!-- testAvgAge -->
  <testcase name="testAvgAge" time="0.001" classname="online_tusur.unit_online_tusur.StudentTestng">
    <skipped/>
  </testcase> <!-- testAvgAge -->
  <testcase name="testAvgAge" time="0.001" classname="online_tusur.unit_online_tusur.StudentTestng">
    <skipped/>
  </testcase> <!-- testAvgAge -->
  <testcase name="testAvgAge" time="0.001" classname="online_tusur.unit_online_tusur.StudentTestng">
    <skipped/>
  </testcase> <!-- testAvgAge -->
  <testcase name="testAvgAge" time="0.001" classname="online_tusur.unit_online_tusur.StudentTestng">
    <skipped/>
  </testcase> <!-- testAvgAge -->
  <testcase name="testAvgAge" time="0.0" classname="online_tusur.unit_online_tusur.StudentTestng">
    <skipped/>
  </testcase> <!-- testAvgAge -->
  <testcase name="testAvgAge" time="0.0" classname="online_tusur.unit_online_tusur.StudentTestng">
    <skipped/>
  </testcase> <!-- testAvgAge -->
  <testcase name="testAvgAge" time="0.0" classname="online_tusur.unit_online_tusur.StudentTestng">
    <skipped/>
  </testcase> <!-- testAvgAge -->
  <testcase name="testAvgAge" time="0.001" classname="online_tusur.unit_online_tusur.StudentTestng">
    <skipped/>
  </testcase> <!-- testAvgAge -->
  <testcase name="testAvgAge" time="0.001" classname="online_tusur.unit_online_tusur.StudentTestng">
    <skipped/>
  </testcase> <!-- testAvgAge -->
  <testcase name="testAvgAge" time="0.0" classname="online_tusur.unit_online_tusur.StudentTestng">
    <skipped/>
  </testcase> <!-- testAvgAge -->
  <testcase name="testAvgAge" time="0.001" classname="online_tusur.unit_online_tusur.StudentTestng">
    <skipped/>
  </testcase> <!-- testAvgAge -->
  <testcase name="testAvgAge" time="0.0" classname="online_tusur.unit_online_tusur.StudentTestng">
    <skipped/>
  </testcase> <!-- testAvgAge -->
  <testcase name="testAvgAge" time="0.0" classname="online_tusur.unit_online_tusur.StudentTestng">
    <skipped/>
  </testcase> <!-- testAvgAge -->
  <testcase name="testAvgAge" time="0.001" classname="online_tusur.unit_online_tusur.StudentTestng">
    <skipped/>
  </testcase> <!-- testAvgAge -->
  <testcase name="testAvgAge" time="0.0" classname="online_tusur.unit_online_tusur.StudentTestng">
    <skipped/>
  </testcase> <!-- testAvgAge -->
  <testcase name="testAvgAge" time="0.0" classname="online_tusur.unit_online_tusur.StudentTestng">
    <skipped/>
  </testcase> <!-- testAvgAge -->
  <testcase name="testAvgAge" time="0.001" classname="online_tusur.unit_online_tusur.StudentTestng">
    <skipped/>
  </testcase> <!-- testAvgAge -->
  <testcase name="testAvgAge" time="0.001" classname="online_tusur.unit_online_tusur.StudentTestng">
    <skipped/>
  </testcase> <!-- testAvgAge -->
  <testcase name="testAvgAge" time="0.001" classname="online_tusur.unit_online_tusur.StudentTestng">
    <skipped/>
  </testcase> <!-- testAvgAge -->
  <testcase name="testAvgAge" time="0.001" classname="online_tusur.unit_online_tusur.StudentTestng">
    <skipped/>
  </testcase> <!-- testAvgAge -->
  <testcase name="testAvgAge" time="0.001" classname="online_tusur.unit_online_tusur.StudentTestng">
    <skipped/>
  </testcase> <!-- testAvgAge -->
  <testcase name="testAvgAge" time="0.0" classname="online_tusur.unit_online_tusur.StudentTestng">
    <skipped/>
  </testcase> <!-- testAvgAge -->
  <testcase name="testAvgAge" time="0.001" classname="online_tusur.unit_online_tusur.StudentTestng">
    <skipped/>
  </testcase> <!-- testAvgAge -->
  <testcase name="testAvgAge" time="0.001" classname="online_tusur.unit_online_tusur.StudentTestng">
    <skipped/>
  </testcase> <!-- testAvgAge -->
  <testcase name="testAvgAge" time="0.0" classname="online_tusur.unit_online_tusur.StudentTestng">
    <skipped/>
  </testcase> <!-- testAvgAge -->
  <testcase name="testAvgAge" time="0.001" classname="online_tusur.unit_online_tusur.StudentTestng">
    <skipped/>
  </testcase> <!-- testAvgAge -->
  <testcase name="testAvgAge" time="0.001" classname="online_tusur.unit_online_tusur.StudentTestng">
    <skipped/>
  </testcase> <!-- testAvgAge -->
  <testcase name="testAvgAge" time="0.001" classname="online_tusur.unit_online_tusur.StudentTestng">
    <skipped/>
  </testcase> <!-- testAvgAge -->
  <testcase name="testAvgAge" time="0.001" classname="online_tusur.unit_online_tusur.StudentTestng">
    <skipped/>
  </testcase> <!-- testAvgAge -->
  <testcase name="testAvgAge" time="0.001" classname="online_tusur.unit_online_tusur.StudentTestng">
    <skipped/>
  </testcase> <!-- testAvgAge -->
  <testcase name="testAvgAge" time="0.001" classname="online_tusur.unit_online_tusur.StudentTestng">
    <skipped/>
  </testcase> <!-- testAvgAge -->
  <testcase name="testAvgAge" time="0.0" classname="online_tusur.unit_online_tusur.StudentTestng">
    <skipped/>
  </testcase> <!-- testAvgAge -->
  <testcase name="testAvgAge" time="0.0" classname="online_tusur.unit_online_tusur.StudentTestng">
    <skipped/>
  </testcase> <!-- testAvgAge -->
  <testcase name="testAvgAge" time="0.0" classname="online_tusur.unit_online_tusur.StudentTestng">
    <skipped/>
  </testcase> <!-- testAvgAge -->
  <testcase name="testAvgAge" time="0.0" classname="online_tusur.unit_online_tusur.StudentTestng">
    <skipped/>
  </testcase> <!-- testAvgAge -->
  <testcase name="testAvgAge" time="0.001" classname="online_tusur.unit_online_tusur.StudentTestng">
    <skipped/>
  </testcase> <!-- testAvgAge -->
  <testcase name="testAvgAge" time="0.001" classname="online_tusur.unit_online_tusur.StudentTestng">
    <skipped/>
  </testcase> <!-- testAvgAge -->
  <testcase name="testAvgAge" time="0.0" classname="online_tusur.unit_online_tusur.StudentTestng">
    <skipped/>
  </testcase> <!-- testAvgAge -->
  <testcase name="testAvgAge" time="0.0" classname="online_tusur.unit_online_tusur.StudentTestng">
    <skipped/>
  </testcase> <!-- testAvgAge -->
  <testcase name="testAvgAge" time="0.0" classname="online_tusur.unit_online_tusur.StudentTestng">
    <skipped/>
  </testcase> <!-- testAvgAge -->
  <testcase name="testAvgAge" time="0.001" classname="online_tusur.unit_online_tusur.StudentTestng">
    <skipped/>
  </testcase> <!-- testAvgAge -->
  <testcase name="testAvgAge" time="0.001" classname="online_tusur.unit_online_tusur.StudentTestng">
    <skipped/>
  </testcase> <!-- testAvgAge -->
  <testcase name="testAvgAge" time="0.001" classname="online_tusur.unit_online_tusur.StudentTestng">
    <skipped/>
  </testcase> <!-- testAvgAge -->
  <testcase name="testAvgAge" time="0.001" classname="online_tusur.unit_online_tusur.StudentTestng">
    <skipped/>
  </testcase> <!-- testAvgAge -->
  <testcase name="testAvgAge" time="0.001" classname="online_tusur.unit_online_tusur.StudentTestng">
    <skipped/>
  </testcase> <!-- testAvgAge -->
  <testcase name="testAvgAge" time="0.001" classname="online_tusur.unit_online_tusur.StudentTestng">
    <skipped/>
  </testcase> <!-- testAvgAge -->
  <testcase name="testAvgAge" time="0.0" classname="online_tusur.unit_online_tusur.StudentTestng">
    <skipped/>
  </testcase> <!-- testAvgAge -->
  <testcase name="testAvgAge" time="0.0" classname="online_tusur.unit_online_tusur.StudentTestng">
    <skipped/>
  </testcase> <!-- testAvgAge -->
  <testcase name="testAvgAge" time="0.0" classname="online_tusur.unit_online_tusur.StudentTestng">
    <skipped/>
  </testcase> <!-- testAvgAge -->
  <testcase name="testAvgAge" time="0.0" classname="online_tusur.unit_online_tusur.StudentTestng">
    <skipped/>
  </testcase> <!-- testAvgAge -->
  <testcase name="testAvgAge" time="0.001" classname="online_tusur.unit_online_tusur.StudentTestng">
    <skipped/>
  </testcase> <!-- testAvgAge -->
  <testcase name="testAvgAge" time="0.0" classname="online_tusur.unit_online_tusur.StudentTestng">
    <skipped/>
  </testcase> <!-- testAvgAge -->
  <testcase name="testAvgAge" time="0.0" classname="online_tusur.unit_online_tusur.StudentTestng">
    <skipped/>
  </testcase> <!-- testAvgAge -->
  <testcase name="testAvgAge" time="0.0" classname="online_tusur.unit_online_tusur.StudentTestng">
    <skipped/>
  </testcase> <!-- testAvgAge -->
  <testcase name="testAvgAge" time="0.0" classname="online_tusur.unit_online_tusur.StudentTestng">
    <skipped/>
  </testcase> <!-- testAvgAge -->
  <testcase name="testAvgAge" time="0.0" classname="online_tusur.unit_online_tusur.StudentTestng">
    <skipped/>
  </testcase> <!-- testAvgAge -->
  <testcase name="testAvgAge" time="0.0" classname="online_tusur.unit_online_tusur.StudentTestng">
    <skipped/>
  </testcase> <!-- testAvgAge -->
  <testcase name="testAvgAge" time="0.001" classname="online_tusur.unit_online_tusur.StudentTestng">
    <skipped/>
  </testcase> <!-- testAvgAge -->
  <testcase name="testAvgAge" time="0.0" classname="online_tusur.unit_online_tusur.StudentTestng">
    <skipped/>
  </testcase> <!-- testAvgAge -->
  <testcase name="testAvgAge" time="0.001" classname="online_tusur.unit_online_tusur.StudentTestng">
    <skipped/>
  </testcase> <!-- testAvgAge -->
  <testcase name="testAvgAge" time="0.0" classname="online_tusur.unit_online_tusur.StudentTestng">
    <skipped/>
  </testcase> <!-- testAvgAge -->
  <testcase name="testAvgAge" time="0.001" classname="online_tusur.unit_online_tusur.StudentTestng">
    <skipped/>
  </testcase> <!-- testAvgAge -->
  <testcase name="testAvgAge" time="0.0" classname="online_tusur.unit_online_tusur.StudentTestng">
    <skipped/>
  </testcase> <!-- testAvgAge -->
  <testcase name="testAvgAge" time="0.0" classname="online_tusur.unit_online_tusur.StudentTestng">
    <skipped/>
  </testcase> <!-- testAvgAge -->
  <testcase name="testAvgAge" time="0.0" classname="online_tusur.unit_online_tusur.StudentTestng">
    <skipped/>
  </testcase> <!-- testAvgAge -->
  <testcase name="testAvgAge" time="0.0" classname="online_tusur.unit_online_tusur.StudentTestng">
    <skipped/>
  </testcase> <!-- testAvgAge -->
  <testcase name="testAvgAge" time="0.0" classname="online_tusur.unit_online_tusur.StudentTestng">
    <skipped/>
  </testcase> <!-- testAvgAge -->
  <testcase name="testAvgAge" time="0.0" classname="online_tusur.unit_online_tusur.StudentTestng">
    <skipped/>
  </testcase> <!-- testAvgAge -->
  <testcase name="testAvgAge" time="0.0" classname="online_tusur.unit_online_tusur.StudentTestng">
    <skipped/>
  </testcase> <!-- testAvgAge -->
  <testcase name="testAvgAge" time="0.0" classname="online_tusur.unit_online_tusur.StudentTestng">
    <skipped/>
  </testcase> <!-- testAvgAge -->
  <testcase name="testAvgAge" time="0.0" classname="online_tusur.unit_online_tusur.StudentTestng">
    <skipped/>
  </testcase> <!-- testAvgAge -->
  <testcase name="testAvgAge" time="0.001" classname="online_tusur.unit_online_tusur.StudentTestng">
    <skipped/>
  </testcase> <!-- testAvgAge -->
  <testcase name="testAvgAge" time="0.0" classname="online_tusur.unit_online_tusur.StudentTestng">
    <skipped/>
  </testcase> <!-- testAvgAge -->
  <testcase name="testAvgAge" time="0.001" classname="online_tusur.unit_online_tusur.StudentTestng">
    <skipped/>
  </testcase> <!-- testAvgAge -->
  <testcase name="testAvgAge" time="0.0" classname="online_tusur.unit_online_tusur.StudentTestng">
    <skipped/>
  </testcase> <!-- testAvgAge -->
  <testcase name="testAvgAge" time="0.0" classname="online_tusur.unit_online_tusur.StudentTestng">
    <skipped/>
  </testcase> <!-- testAvgAge -->
  <testcase name="testAvgAge" time="0.0" classname="online_tusur.unit_online_tusur.StudentTestng">
    <skipped/>
  </testcase> <!-- testAvgAge -->
  <testcase name="testAvgAge" time="0.0" classname="online_tusur.unit_online_tusur.StudentTestng">
    <skipped/>
  </testcase> <!-- testAvgAge -->
  <testcase name="testAvgAge" time="0.0" classname="online_tusur.unit_online_tusur.StudentTestng">
    <skipped/>
  </testcase> <!-- testAvgAge -->
  <testcase name="testAvgAge" time="0.0" classname="online_tusur.unit_online_tusur.StudentTestng">
    <skipped/>
  </testcase> <!-- testAvgAge -->
  <testcase name="testAvgAge" time="0.001" classname="online_tusur.unit_online_tusur.StudentTestng">
    <skipped/>
  </testcase> <!-- testAvgAge -->
  <testcase name="testAvgAge" time="0.0" classname="online_tusur.unit_online_tusur.StudentTestng">
    <skipped/>
  </testcase> <!-- testAvgAge -->
  <testcase name="testAvgAge" time="0.0" classname="online_tusur.unit_online_tusur.StudentTestng">
    <skipped/>
  </testcase> <!-- testAvgAge -->
  <testcase name="testAvgAge" time="0.0" classname="online_tusur.unit_online_tusur.StudentTestng">
    <skipped/>
  </testcase> <!-- testAvgAge -->
  <testcase name="testAvgAge" time="0.003" classname="online_tusur.unit_online_tusur.StudentTestng">
    <failure type="java.lang.AssertionError" message="1. При проверке методов &amp;quot;setAge&amp;quot; и &amp;quot;avgAge&amp;quot; фактическое значение среднего возраста (28) не совпало с ожидаемым (39) expected [28] but found [39]">
      <![CDATA[java.lang.AssertionError: 1. При проверке методов "setAge" и "avgAge" фактическое значение среднего возраста (28) не совпало с ожидаемым (39) expected [28] but found [39]
at online_tusur.unit_online_tusur.StudentTestng.testAvgAge(StudentTestng.java:85)
at java.util.concurrent.ThreadPoolExecutor.runWorker(ThreadPoolExecutor.java:1149)
at java.util.concurrent.ThreadPoolExecutor$Worker.run(ThreadPoolExecutor.java:624)
at java.lang.Thread.run(Thread.java:748)
... Removed 15 stack frames]]>
    </failure>
  </testcase> <!-- testAvgAge -->
  <testcase name="testAvgAge" time="0.001" classname="online_tusur.unit_online_tusur.StudentTestng"/>
  <testcase name="testAvgAge" time="0.0" classname="online_tusur.unit_online_tusur.StudentTestng"/>
  <testcase name="testAvgAge" time="0.0" classname="online_tusur.unit_online_tusur.StudentTestng"/>
  <testcase name="testAvgAge" time="0.001" classname="online_tusur.unit_online_tusur.StudentTestng"/>
  <testcase name="testAvgAge" time="0.0" classname="online_tusur.unit_online_tusur.StudentTestng"/>
  <testcase name="testAvgAge" time="0.001" classname="online_tusur.unit_online_tusur.StudentTestng"/>
  <testcase name="testAvgAge" time="0.0" classname="online_tusur.unit_online_tusur.StudentTestng"/>
  <testcase name="testAvgAge" time="0.0" classname="online_tusur.unit_online_tusur.StudentTestng"/>
  <testcase name="testAvgAge" time="0.001" classname="online_tusur.unit_online_tusur.StudentTestng"/>
  <testcase name="testAvgAge" time="0.0" classname="online_tusur.unit_online_tusur.StudentTestng"/>
  <testcase name="testAvgAge" time="0.0" classname="online_tusur.unit_online_tusur.StudentTestng"/>
  <testcase name="testAvgAge" time="0.0" classname="online_tusur.unit_online_tusur.StudentTestng"/>
  <testcase name="testAvgAge" time="0.001" classname="online_tusur.unit_online_tusur.StudentTestng"/>
  <testcase name="testAvgAge" time="0.001" classname="online_tusur.unit_online_tusur.StudentTestng">
    <failure type="java.lang.AssertionError" message="15. При проверке методов &amp;quot;setAge&amp;quot; и &amp;quot;avgAge&amp;quot; фактическое значение среднего возраста (28) не совпало с ожидаемым (39) expected [28] but found [39]">
      <![CDATA[java.lang.AssertionError: 15. При проверке методов "setAge" и "avgAge" фактическое значение среднего возраста (28) не совпало с ожидаемым (39) expected [28] but found [39]
at online_tusur.unit_online_tusur.StudentTestng.testAvgAge(StudentTestng.java:85)
at java.util.concurrent.ThreadPoolExecutor.runWorker(ThreadPoolExecutor.java:1149)
at java.util.concurrent.ThreadPoolExecutor$Worker.run(ThreadPoolExecutor.java:624)
at java.lang.Thread.run(Thread.java:748)
... Removed 15 stack frames]]>
    </failure>
  </testcase> <!-- testAvgAge -->
  <testcase name="testAvgAge" time="0.001" classname="online_tusur.unit_online_tusur.StudentTestng"/>
  <testcase name="testAvgAge" time="0.001" classname="online_tusur.unit_online_tusur.StudentTestng">
    <failure type="java.lang.AssertionError" message="17. При проверке методов &amp;quot;setAge&amp;quot; и &amp;quot;avgAge&amp;quot; фактическое значение среднего возраста (23) не совпало с ожидаемым (34) expected [23] but found [34]">
      <![CDATA[java.lang.AssertionError: 17. При проверке методов "setAge" и "avgAge" фактическое значение среднего возраста (23) не совпало с ожидаемым (34) expected [23] but found [34]
at online_tusur.unit_online_tusur.StudentTestng.testAvgAge(StudentTestng.java:85)
at java.util.concurrent.ThreadPoolExecutor.runWorker(ThreadPoolExecutor.java:1149)
at java.util.concurrent.ThreadPoolExecutor$Worker.run(ThreadPoolExecutor.java:624)
at java.lang.Thread.run(Thread.java:748)
... Removed 15 stack frames]]>
    </failure>
  </testcase> <!-- testAvgAge -->
  <testcase name="testAvgAge" time="0.0" classname="online_tusur.unit_online_tusur.StudentTestng"/>
  <testcase name="testAvgAge" time="0.0" classname="online_tusur.unit_online_tusur.StudentTestng"/>
  <testcase name="testAvgAge" time="0.0" classname="online_tusur.unit_online_tusur.StudentTestng"/>
  <testcase name="testAvgAge" time="0.0" classname="online_tusur.unit_online_tusur.StudentTestng"/>
  <testcase name="testAvgAge" time="0.001" classname="online_tusur.unit_online_tusur.StudentTestng">
    <skipped/>
  </testcase> <!-- testAvgAge -->
  <testcase name="testAvgAge" time="0.0" classname="online_tusur.unit_online_tusur.StudentTestng">
    <skipped/>
  </testcase> <!-- testAvgAge -->
  <testcase name="testAvgAge" time="0.0" classname="online_tusur.unit_online_tusur.StudentTestng">
    <skipped/>
  </testcase> <!-- testAvgAge -->
  <testcase name="testAvgAge" time="0.001" classname="online_tusur.unit_online_tusur.StudentTestng">
    <skipped/>
  </testcase> <!-- testAvgAge -->
  <testcase name="testAvgAge" time="0.0" classname="online_tusur.unit_online_tusur.StudentTestng">
    <skipped/>
  </testcase> <!-- testAvgAge -->
  <testcase name="testAvgAge" time="0.0" classname="online_tusur.unit_online_tusur.StudentTestng">
    <skipped/>
  </testcase> <!-- testAvgAge -->
  <testcase name="testAvgAge" time="0.0" classname="online_tusur.unit_online_tusur.StudentTestng">
    <skipped/>
  </testcase> <!-- testAvgAge -->
  <testcase name="testAvgAge" time="0.001" classname="online_tusur.unit_online_tusur.StudentTestng">
    <skipped/>
  </testcase> <!-- testAvgAge -->
  <testcase name="testAvgAge" time="0.0" classname="online_tusur.unit_online_tusur.StudentTestng">
    <skipped/>
  </testcase> <!-- testAvgAge -->
  <testcase name="testAvgAge" time="0.001" classname="online_tusur.unit_online_tusur.StudentTestng">
    <skipped/>
  </testcase> <!-- testAvgAge -->
  <testcase name="testAvgAge" time="0.003" classname="online_tusur.unit_online_tusur.StudentTestng">
    <skipped/>
  </testcase> <!-- testAvgAge -->
  <testcase name="testAvgAge" time="0.004" classname="online_tusur.unit_online_tusur.StudentTestng">
    <skipped/>
  </testcase> <!-- testAvgAge -->
  <testcase name="testAvgAge" time="0.001" classname="online_tusur.unit_online_tusur.StudentTestng">
    <skipped/>
  </testcase> <!-- testAvgAge -->
  <testcase name="testAvgAge" time="0.0" classname="online_tusur.unit_online_tusur.StudentTestng">
    <skipped/>
  </testcase> <!-- testAvgAge -->
  <testcase name="testAvgAge" time="0.0" classname="online_tusur.unit_online_tusur.StudentTestng">
    <skipped/>
  </testcase> <!-- testAvgAge -->
  <testcase name="testAvgAge" time="0.001" classname="online_tusur.unit_online_tusur.StudentTestng">
    <skipped/>
  </testcase> <!-- testAvgAge -->
  <testcase name="testAvgAge" time="0.001" classname="online_tusur.unit_online_tusur.StudentTestng">
    <skipped/>
  </testcase> <!-- testAvgAge -->
  <testcase name="testAvgAge" time="0.0" classname="online_tusur.unit_online_tusur.StudentTestng">
    <skipped/>
  </testcase> <!-- testAvgAge -->
  <testcase name="testAvgAge" time="0.0" classname="online_tusur.unit_online_tusur.StudentTestng">
    <skipped/>
  </testcase> <!-- testAvgAge -->
  <testcase name="testAvgAge" time="0.0" classname="online_tusur.unit_online_tusur.StudentTestng">
    <skipped/>
  </testcase> <!-- testAvgAge -->
  <testcase name="testAvgAge" time="0.0" classname="online_tusur.unit_online_tusur.StudentTestng">
    <skipped/>
  </testcase> <!-- testAvgAge -->
  <testcase name="testAvgAge" time="0.001" classname="online_tusur.unit_online_tusur.StudentTestng">
    <skipped/>
  </testcase> <!-- testAvgAge -->
  <testcase name="testAvgAge" time="0.001" classname="online_tusur.unit_online_tusur.StudentTestng">
    <skipped/>
  </testcase> <!-- testAvgAge -->
  <testcase name="testAvgAge" time="0.001" classname="online_tusur.unit_online_tusur.StudentTestng">
    <skipped/>
  </testcase> <!-- testAvgAge -->
  <testcase name="testAvgAge" time="0.0" classname="online_tusur.unit_online_tusur.StudentTestng">
    <skipped/>
  </testcase> <!-- testAvgAge -->
  <testcase name="testAvgAge" time="0.0" classname="online_tusur.unit_online_tusur.StudentTestng">
    <skipped/>
  </testcase> <!-- testAvgAge -->
  <testcase name="testAvgAge" time="0.001" classname="online_tusur.unit_online_tusur.StudentTestng">
    <skipped/>
  </testcase> <!-- testAvgAge -->
  <testcase name="testAvgAge" time="0.0" classname="online_tusur.unit_online_tusur.StudentTestng">
    <skipped/>
  </testcase> <!-- testAvgAge -->
  <testcase name="testAvgAge" time="0.001" classname="online_tusur.unit_online_tusur.StudentTestng">
    <skipped/>
  </testcase> <!-- testAvgAge -->
  <testcase name="testAvgAge" time="0.0" classname="online_tusur.unit_online_tusur.StudentTestng">
    <skipped/>
  </testcase> <!-- testAvgAge -->
  <testcase name="testAvgAge" time="0.0" classname="online_tusur.unit_online_tusur.StudentTestng">
    <skipped/>
  </testcase> <!-- testAvgAge -->
  <testcase name="testAvgAge" time="0.0" classname="online_tusur.unit_online_tusur.StudentTestng">
    <skipped/>
  </testcase> <!-- testAvgAge -->
  <testcase name="testAvgAge" time="0.001" classname="online_tusur.unit_online_tusur.StudentTestng">
    <skipped/>
  </testcase> <!-- testAvgAge -->
  <testcase name="testAvgAge" time="0.001" classname="online_tusur.unit_online_tusur.StudentTestng">
    <skipped/>
  </testcase> <!-- testAvgAge -->
  <testcase name="testAvgAge" time="0.0" classname="online_tusur.unit_online_tusur.StudentTestng">
    <skipped/>
  </testcase> <!-- testAvgAge -->
  <testcase name="testAvgAge" time="0.0" classname="online_tusur.unit_online_tusur.StudentTestng">
    <skipped/>
  </testcase> <!-- testAvgAge -->
  <testcase name="testAvgAge" time="0.0" classname="online_tusur.unit_online_tusur.StudentTestng">
    <skipped/>
  </testcase> <!-- testAvgAge -->
  <testcase name="testAvgAge" time="0.001" classname="online_tusur.unit_online_tusur.StudentTestng">
    <skipped/>
  </testcase> <!-- testAvgAge -->
  <testcase name="testAvgAge" time="0.0" classname="online_tusur.unit_online_tusur.StudentTestng">
    <skipped/>
  </testcase> <!-- testAvgAge -->
  <testcase name="testAvgAge" time="0.0" classname="online_tusur.unit_online_tusur.StudentTestng">
    <skipped/>
  </testcase> <!-- testAvgAge -->
  <testcase name="testAvgAge" time="0.001" classname="online_tusur.unit_online_tusur.StudentTestng">
    <skipped/>
  </testcase> <!-- testAvgAge -->
  <testcase name="testAvgAge" time="0.0" classname="online_tusur.unit_online_tusur.StudentTestng">
    <skipped/>
  </testcase> <!-- testAvgAge -->
  <testcase name="testAvgAge" time="0.001" classname="online_tusur.unit_online_tusur.StudentTestng">
    <skipped/>
  </testcase> <!-- testAvgAge -->
  <testcase name="testAvgAge" time="0.0" classname="online_tusur.unit_online_tusur.StudentTestng">
    <skipped/>
  </testcase> <!-- testAvgAge -->
  <testcase name="testAvgAge" time="0.0" classname="online_tusur.unit_online_tusur.StudentTestng">
    <skipped/>
  </testcase> <!-- testAvgAge -->
  <testcase name="testAvgAge" time="0.0" classname="online_tusur.unit_online_tusur.StudentTestng">
    <skipped/>
  </testcase> <!-- testAvgAge -->
  <testcase name="testAvgAge" time="0.001" classname="online_tusur.unit_online_tusur.StudentTestng">
    <skipped/>
  </testcase> <!-- testAvgAge -->
  <testcase name="testAvgAge" time="0.001" classname="online_tusur.unit_online_tusur.StudentTestng">
    <skipped/>
  </testcase> <!-- testAvgAge -->
  <testcase name="testAvgAge" time="0.001" classname="online_tusur.unit_online_tusur.StudentTestng">
    <skipped/>
  </testcase> <!-- testAvgAge -->
  <testcase name="testAvgAge" time="0.0" classname="online_tusur.unit_online_tusur.StudentTestng">
    <skipped/>
  </testcase> <!-- testAvgAge -->
  <testcase name="testAvgAge" time="0.0" classname="online_tusur.unit_online_tusur.StudentTestng">
    <skipped/>
  </testcase> <!-- testAvgAge -->
  <testcase name="testAvgAge" time="0.0" classname="online_tusur.unit_online_tusur.StudentTestng">
    <skipped/>
  </testcase> <!-- testAvgAge -->
  <testcase name="testAvgAge" time="0.0" classname="online_tusur.unit_online_tusur.StudentTestng">
    <skipped/>
  </testcase> <!-- testAvgAge -->
  <testcase name="testAvgAge" time="0.0" classname="online_tusur.unit_online_tusur.StudentTestng">
    <skipped/>
  </testcase> <!-- testAvgAge -->
  <testcase name="testAvgAge" time="0.0" classname="online_tusur.unit_online_tusur.StudentTestng">
    <skipped/>
  </testcase> <!-- testAvgAge -->
  <testcase name="testAvgAge" time="0.001" classname="online_tusur.unit_online_tusur.StudentTestng">
    <skipped/>
  </testcase> <!-- testAvgAge -->
  <testcase name="testAvgAge" time="0.001" classname="online_tusur.unit_online_tusur.StudentTestng">
    <skipped/>
  </testcase> <!-- testAvgAge -->
  <testcase name="testAvgAge" time="0.0" classname="online_tusur.unit_online_tusur.StudentTestng">
    <skipped/>
  </testcase> <!-- testAvgAge -->
  <testcase name="testAvgAge" time="0.0" classname="online_tusur.unit_online_tusur.StudentTestng">
    <skipped/>
  </testcase> <!-- testAvgAge -->
  <testcase name="testAvgAge" time="0.0" classname="online_tusur.unit_online_tusur.StudentTestng">
    <skipped/>
  </testcase> <!-- testAvgAge -->
  <testcase name="testAvgAge" time="0.001" classname="online_tusur.unit_online_tusur.StudentTestng">
    <skipped/>
  </testcase> <!-- testAvgAge -->
  <testcase name="testAvgAge" time="0.001" classname="online_tusur.unit_online_tusur.StudentTestng">
    <skipped/>
  </testcase> <!-- testAvgAge -->
  <testcase name="testAvgAge" time="0.0" classname="online_tusur.unit_online_tusur.StudentTestng">
    <skipped/>
  </testcase> <!-- testAvgAge -->
  <testcase name="testAvgAge" time="0.0" classname="online_tusur.unit_online_tusur.StudentTestng">
    <skipped/>
  </testcase> <!-- testAvgAge -->
  <testcase name="testAvgAge" time="0.0" classname="online_tusur.unit_online_tusur.StudentTestng">
    <skipped/>
  </testcase> <!-- testAvgAge -->
  <testcase name="testAvgAge" time="0.0" classname="online_tusur.unit_online_tusur.StudentTestng">
    <skipped/>
  </testcase> <!-- testAvgAge -->
  <testcase name="testAvgAge" time="0.001" classname="online_tusur.unit_online_tusur.StudentTestng">
    <skipped/>
  </testcase> <!-- testAvgAge -->
  <testcase name="testAvgAge" time="0.0" classname="online_tusur.unit_online_tusur.StudentTestng">
    <skipped/>
  </testcase> <!-- testAvgAge -->
  <testcase name="testAvgAge" time="0.0" classname="online_tusur.unit_online_tusur.StudentTestng">
    <skipped/>
  </testcase> <!-- testAvgAge -->
  <testcase name="testAvgAge" time="0.001" classname="online_tusur.unit_online_tusur.StudentTestng">
    <skipped/>
  </testcase> <!-- testAvgAge -->
  <testcase name="testAvgAge" time="0.001" classname="online_tusur.unit_online_tusur.StudentTestng">
    <skipped/>
  </testcase> <!-- testAvgAge -->
  <testcase name="testAvgAge" time="0.001" classname="online_tusur.unit_online_tusur.StudentTestng">
    <skipped/>
  </testcase> <!-- testAvgAge -->
  <testcase name="testAvgAge" time="0.0" classname="online_tusur.unit_online_tusur.StudentTestng">
    <skipped/>
  </testcase> <!-- testAvgAge -->
  <testcase name="testAvgAge" time="0.0" classname="online_tusur.unit_online_tusur.StudentTestng">
    <skipped/>
  </testcase> <!-- testAvgAge -->
  <testcase name="testAvgAge" time="0.0" classname="online_tusur.unit_online_tusur.StudentTestng">
    <skipped/>
  </testcase> <!-- testAvgAge -->
  <testcase name="testAvgAge" time="0.001" classname="online_tusur.unit_online_tusur.StudentTestng">
    <skipped/>
  </testcase> <!-- testAvgAge -->
  <testcase name="testAvgAge" time="0.001" classname="online_tusur.unit_online_tusur.StudentTestng">
    <skipped/>
  </testcase> <!-- testAvgAge -->
  <testcase name="testAvgAge" time="0.0" classname="online_tusur.unit_online_tusur.StudentTestng">
    <skipped/>
  </testcase> <!-- testAvgAge -->
  <testcase name="testAvgAge" time="0.0" classname="online_tusur.unit_online_tusur.StudentTestng">
    <skipped/>
  </testcase> <!-- testAvgAge -->
  <testcase name="testAvgAge" time="0.0" classname="online_tusur.unit_online_tusur.StudentTestng">
    <skipped/>
  </testcase> <!-- testAvgAge -->
  <testcase name="testAvgAge" time="0.001" classname="online_tusur.unit_online_tusur.StudentTestng">
    <skipped/>
  </testcase> <!-- testAvgAge -->
  <testcase name="testAvgAge" time="0.0" classname="online_tusur.unit_online_tusur.StudentTestng">
    <skipped/>
  </testcase> <!-- testAvgAge -->
  <testcase name="testAvgAge" time="0.0" classname="online_tusur.unit_online_tusur.StudentTestng">
    <skipped/>
  </testcase> <!-- testAvgAge -->
  <testcase name="testAvgAge" time="0.001" classname="online_tusur.unit_online_tusur.StudentTestng">
    <skipped/>
  </testcase> <!-- testAvgAge -->
  <testcase name="testAvgAge" time="0.001" classname="online_tusur.unit_online_tusur.StudentTestng">
    <skipped/>
  </testcase> <!-- testAvgAge -->
  <testcase name="testAvgAge" time="0.001" classname="online_tusur.unit_online_tusur.StudentTestng">
    <skipped/>
  </testcase> <!-- testAvgAge -->
  <testcase name="testAvgAge" time="0.0" classname="online_tusur.unit_online_tusur.StudentTestng">
    <skipped/>
  </testcase> <!-- testAvgAge -->
  <testcase name="testAvgAge" time="0.0" classname="online_tusur.unit_online_tusur.StudentTestng">
    <skipped/>
  </testcase> <!-- testAvgAge -->
  <testcase name="testAvgAge" time="0.001" classname="online_tusur.unit_online_tusur.StudentTestng">
    <skipped/>
  </testcase> <!-- testAvgAge -->
  <testcase name="testAvgAge" time="0.0" classname="online_tusur.unit_online_tusur.StudentTestng">
    <skipped/>
  </testcase> <!-- testAvgAge -->
  <testcase name="testAvgAge" time="0.0" classname="online_tusur.unit_online_tusur.StudentTestng">
    <skipped/>
  </testcase> <!-- testAvgAge -->
  <testcase name="testAvgAge" time="0.001" classname="online_tusur.unit_online_tusur.StudentTestng">
    <skipped/>
  </testcase> <!-- testAvgAge -->
  <testcase name="testAvgAge" time="0.0" classname="online_tusur.unit_online_tusur.StudentTestng">
    <skipped/>
  </testcase> <!-- testAvgAge -->
  <testcase name="testAvgAge" time="0.0" classname="online_tusur.unit_online_tusur.StudentTestng">
    <skipped/>
  </testcase> <!-- testAvgAge -->
  <testcase name="testAvgAge" time="0.0" classname="online_tusur.unit_online_tusur.StudentTestng">
    <skipped/>
  </testcase> <!-- testAvgAge -->
  <testcase name="testAvgAge" time="0.001" classname="online_tusur.unit_online_tusur.StudentTestng">
    <skipped/>
  </testcase> <!-- testAvgAge -->
  <testcase name="testAvgAge" time="0.0" classname="online_tusur.unit_online_tusur.StudentTestng">
    <skipped/>
  </testcase> <!-- testAvgAge -->
  <testcase name="testAvgAge" time="0.0" classname="online_tusur.unit_online_tusur.StudentTestng">
    <skipped/>
  </testcase> <!-- testAvgAge -->
  <testcase name="testAvgAge" time="0.001" classname="online_tusur.unit_online_tusur.StudentTestng">
    <skipped/>
  </testcase> <!-- testAvgAge -->
  <testcase name="testAvgAge" time="0.0" classname="online_tusur.unit_online_tusur.StudentTestng">
    <skipped/>
  </testcase> <!-- testAvgAge -->
  <testcase name="testAvgAge" time="0.0" classname="online_tusur.unit_online_tusur.StudentTestng">
    <skipped/>
  </testcase> <!-- testAvgAge -->
  <testcase name="testAvgAge" time="0.0" classname="online_tusur.unit_online_tusur.StudentTestng">
    <skipped/>
  </testcase> <!-- testAvgAge -->
  <testcase name="testAvgAge" time="0.0" classname="online_tusur.unit_online_tusur.StudentTestng">
    <skipped/>
  </testcase> <!-- testAvgAge -->
  <testcase name="testAvgAge" time="0.0" classname="online_tusur.unit_online_tusur.StudentTestng">
    <skipped/>
  </testcase> <!-- testAvgAge -->
  <testcase name="testAvgAge" time="0.0" classname="online_tusur.unit_online_tusur.StudentTestng">
    <skipped/>
  </testcase> <!-- testAvgAge -->
  <testcase name="testMaxAgePositive" time="0.0" classname="online_tusur.unit_online_tusur.StudentTestng">
    <skipped/>
  </testcase> <!-- testMaxAgePositive -->
  <testcase name="testMaxAgePositive" time="0.0" classname="online_tusur.unit_online_tusur.StudentTestng">
    <skipped/>
  </testcase> <!-- testMaxAgePositive -->
  <testcase name="testMaxAgePositive" time="0.001" classname="online_tusur.unit_online_tusur.StudentTestng">
    <skipped/>
  </testcase> <!-- testMaxAgePositive -->
  <testcase name="testMaxAgePositive" time="0.001" classname="online_tusur.unit_online_tusur.StudentTestng">
    <failure type="java.lang.AssertionError" message="{29, 50, 23}. При проверке методов &amp;quot;setAge()&amp;quot; и &amp;quot;maxAge()&amp;quot; фактическое значение максимального возраста студентов (29) не совпало с ожидаемым (50) expected [29] but found [50]">
      <![CDATA[java.lang.AssertionError: {29, 50, 23}. При проверке методов "setAge()" и "maxAge()" фактическое значение максимального возраста студентов (29) не совпало с ожидаемым (50) expected [29] but found [50]
at online_tusur.unit_online_tusur.StudentTestng.testMaxAgePositive(StudentTestng.java:106)
at java.util.concurrent.ThreadPoolExecutor.runWorker(ThreadPoolExecutor.java:1149)
at java.util.concurrent.ThreadPoolExecutor$Worker.run(ThreadPoolExecutor.java:624)
at java.lang.Thread.run(Thread.java:748)
... Removed 16 stack frames]]>
    </failure>
  </testcase> <!-- testMaxAgePositive -->
  <testcase name="testMaxAgePositive" time="0.0" classname="online_tusur.unit_online_tusur.StudentTestng">
    <failure type="java.lang.AssertionError" message="{32, 35, 50}. При проверке методов &amp;quot;setAge()&amp;quot; и &amp;quot;maxAge()&amp;quot; фактическое значение максимального возраста студентов (35) не совпало с ожидаемым (50) expected [35] but found [50]">
      <![CDATA[java.lang.AssertionError: {32, 35, 50}. При проверке методов "setAge()" и "maxAge()" фактическое значение максимального возраста студентов (35) не совпало с ожидаемым (50) expected [35] but found [50]
at online_tusur.unit_online_tusur.StudentTestng.testMaxAgePositive(StudentTestng.java:106)
at java.util.concurrent.ThreadPoolExecutor.runWorker(ThreadPoolExecutor.java:1149)
at java.util.concurrent.ThreadPoolExecutor$Worker.run(ThreadPoolExecutor.java:624)
at java.lang.Thread.run(Thread.java:748)
... Removed 16 stack frames]]>
    </failure>
  </testcase> <!-- testMaxAgePositive -->
  <testcase name="testMaxAgePositive" time="0.0" classname="online_tusur.unit_online_tusur.StudentTestng">
    <skipped/>
  </testcase> <!-- testMaxAgePositive -->
  <testcase name="testMaxAgePositive" time="0.0" classname="online_tusur.unit_online_tusur.StudentTestng">
    <skipped/>
  </testcase> <!-- testMaxAgePositive -->
  <testcase name="testMaxAgePositive" time="0.0" classname="online_tusur.unit_online_tusur.StudentTestng">
    <skipped/>
  </testcase> <!-- testMaxAgePositive -->
  <testcase name="testMaxAgePositive" time="0.0" classname="online_tusur.unit_online_tusur.StudentTestng">
    <skipped/>
  </testcase> <!-- testMaxAgePositive -->
  <testcase name="testMaxAgePositive" time="0.001" classname="online_tusur.unit_online_tusur.StudentTestng">
    <skipped/>
  </testcase> <!-- testMaxAgePositive -->
  <testcase name="testMaxAgePositive" time="0.0" classname="online_tusur.unit_online_tusur.StudentTestng">
    <skipped/>
  </testcase> <!-- testMaxAgePositive -->
  <testcase name="testMaxAgePositive" time="0.0" classname="online_tusur.unit_online_tusur.StudentTestng"/>
  <testcase name="testMaxAgePositive" time="0.0" classname="online_tusur.unit_online_tusur.StudentTestng">
    <skipped/>
  </testcase> <!-- testMaxAgePositive -->
  <testcase name="testMaxAgePositive" time="0.0" classname="online_tusur.unit_online_tusur.StudentTestng">
    <skipped/>
  </testcase> <!-- testMaxAgePositive -->
  <testcase name="testMaxAgePositive" time="0.0" classname="online_tusur.unit_online_tusur.StudentTestng">
    <skipped/>
  </testcase> <!-- testMaxAgePositive -->
  <testcase name="testMaxAgePositive" time="0.001" classname="online_tusur.unit_online_tusur.StudentTestng">
    <skipped/>
  </testcase> <!-- testMaxAgePositive -->
  <testcase name="testMaxAgePositive" time="0.0" classname="online_tusur.unit_online_tusur.StudentTestng">
    <failure type="java.lang.AssertionError" message="{50, 25, 42}. При проверке методов &amp;quot;setAge()&amp;quot; и &amp;quot;maxAge()&amp;quot; фактическое значение максимального возраста студентов (42) не совпало с ожидаемым (50) expected [42] but found [50]">
      <![CDATA[java.lang.AssertionError: {50, 25, 42}. При проверке методов "setAge()" и "maxAge()" фактическое значение максимального возраста студентов (42) не совпало с ожидаемым (50) expected [42] but found [50]
at online_tusur.unit_online_tusur.StudentTestng.testMaxAgePositive(StudentTestng.java:106)
at java.util.concurrent.ThreadPoolExecutor.runWorker(ThreadPoolExecutor.java:1149)
at java.util.concurrent.ThreadPoolExecutor$Worker.run(ThreadPoolExecutor.java:624)
at java.lang.Thread.run(Thread.java:748)
... Removed 15 stack frames]]>
    </failure>
  </testcase> <!-- testMaxAgePositive -->
  <testcase name="testMaxAgePositive" time="0.0" classname="online_tusur.unit_online_tusur.StudentTestng"/>
  <testcase name="testMaxAgePositive" time="0.0" classname="online_tusur.unit_online_tusur.StudentTestng">
    <skipped/>
  </testcase> <!-- testMaxAgePositive -->
  <testcase name="testMaxAgePositive" time="0.0" classname="online_tusur.unit_online_tusur.StudentTestng">
    <skipped/>
  </testcase> <!-- testMaxAgePositive -->
  <testcase name="testMaxAgePositive" time="0.0" classname="online_tusur.unit_online_tusur.StudentTestng"/>
  <testcase name="testMinAgePositive" time="0.0" classname="online_tusur.unit_online_tusur.StudentTestng">
    <skipped/>
  </testcase> <!-- testMinAgePositive -->
  <testcase name="testMinAgePositive" time="0.001" classname="online_tusur.unit_online_tusur.StudentTestng"/>
  <testcase name="testMinAgePositive" time="0.001" classname="online_tusur.unit_online_tusur.StudentTestng">
    <skipped/>
  </testcase> <!-- testMinAgePositive -->
  <testcase name="testMinAgePositive" time="0.0" classname="online_tusur.unit_online_tusur.StudentTestng">
    <skipped/>
  </testcase> <!-- testMinAgePositive -->
  <testcase name="testMinAgePositive" time="0.0" classname="online_tusur.unit_online_tusur.StudentTestng">
    <skipped/>
  </testcase> <!-- testMinAgePositive -->
  <testcase name="testMinAgePositive" time="0.001" classname="online_tusur.unit_online_tusur.StudentTestng">
    <skipped/>
  </testcase> <!-- testMinAgePositive -->
  <testcase name="testMinAgePositive" time="0.001" classname="online_tusur.unit_online_tusur.StudentTestng">
    <skipped/>
  </testcase> <!-- testMinAgePositive -->
  <testcase name="testMinAgePositive" time="0.001" classname="online_tusur.unit_online_tusur.StudentTestng">
    <failure type="java.lang.AssertionError" message="{50, 25, 42}. При проверке методов &amp;quot;setAge()&amp;quot; и &amp;quot;minAge()&amp;quot; фактическое значение максимального возраста студентов (18) не совпало с ожидаемым (25) expected [18] but found [25]">
      <![CDATA[java.lang.AssertionError: {50, 25, 42}. При проверке методов "setAge()" и "minAge()" фактическое значение максимального возраста студентов (18) не совпало с ожидаемым (25) expected [18] but found [25]
at online_tusur.unit_online_tusur.StudentTestng.testMinAgePositive(StudentTestng.java:153)
at java.util.concurrent.ThreadPoolExecutor.runWorker(ThreadPoolExecutor.java:1149)
at java.util.concurrent.ThreadPoolExecutor$Worker.run(ThreadPoolExecutor.java:624)
at java.lang.Thread.run(Thread.java:748)
... Removed 16 stack frames]]>
    </failure>
  </testcase> <!-- testMinAgePositive -->
  <testcase name="testMinAgePositive" time="0.0" classname="online_tusur.unit_online_tusur.StudentTestng"/>
  <testcase name="testMinAgePositive" time="0.0" classname="online_tusur.unit_online_tusur.StudentTestng">
    <skipped/>
  </testcase> <!-- testMinAgePositive -->
  <testcase name="testMinAgePositive" time="0.001" classname="online_tusur.unit_online_tusur.StudentTestng">
    <skipped/>
  </testcase> <!-- testMinAgePositive -->
  <testcase name="testMinAgePositive" time="0.001" classname="online_tusur.unit_online_tusur.StudentTestng">
    <skipped/>
  </testcase> <!-- testMinAgePositive -->
  <testcase name="testMinAgePositive" time="0.001" classname="online_tusur.unit_online_tusur.StudentTestng"/>
  <testcase name="testMinAgePositive" time="0.001" classname="online_tusur.unit_online_tusur.StudentTestng">
    <skipped/>
  </testcase> <!-- testMinAgePositive -->
  <testcase name="testMinAgePositive" time="0.001" classname="online_tusur.unit_online_tusur.StudentTestng">
    <skipped/>
  </testcase> <!-- testMinAgePositive -->
  <testcase name="testMinAgePositive" time="0.001" classname="online_tusur.unit_online_tusur.StudentTestng">
    <failure type="java.lang.AssertionError" message="{29, 50, 23}. При проверке методов &amp;quot;setAge()&amp;quot; и &amp;quot;minAge()&amp;quot; фактическое значение максимального возраста студентов (18) не совпало с ожидаемым (23) expected [18] but found [23]">
      <![CDATA[java.lang.AssertionError: {29, 50, 23}. При проверке методов "setAge()" и "minAge()" фактическое значение максимального возраста студентов (18) не совпало с ожидаемым (23) expected [18] but found [23]
at online_tusur.unit_online_tusur.StudentTestng.testMinAgePositive(StudentTestng.java:153)
at java.util.concurrent.ThreadPoolExecutor.runWorker(ThreadPoolExecutor.java:1149)
at java.util.concurrent.ThreadPoolExecutor$Worker.run(ThreadPoolExecutor.java:624)
at java.lang.Thread.run(Thread.java:748)
... Removed 16 stack frames]]>
    </failure>
  </testcase> <!-- testMinAgePositive -->
  <testcase name="testMinAgePositive" time="0.001" classname="online_tusur.unit_online_tusur.StudentTestng">
    <failure type="java.lang.AssertionError" message="{32, 35, 50}. При проверке методов &amp;quot;setAge()&amp;quot; и &amp;quot;minAge()&amp;quot; фактическое значение максимального возраста студентов (18) не совпало с ожидаемым (32) expected [18] but found [32]">
      <![CDATA[java.lang.AssertionError: {32, 35, 50}. При проверке методов "setAge()" и "minAge()" фактическое значение максимального возраста студентов (18) не совпало с ожидаемым (32) expected [18] but found [32]
at online_tusur.unit_online_tusur.StudentTestng.testMinAgePositive(StudentTestng.java:153)
at java.util.concurrent.ThreadPoolExecutor.runWorker(ThreadPoolExecutor.java:1149)
at java.util.concurrent.ThreadPoolExecutor$Worker.run(ThreadPoolExecutor.java:624)
at java.lang.Thread.run(Thread.java:748)
... Removed 15 stack frames]]>
    </failure>
  </testcase> <!-- testMinAgePositive -->
  <testcase name="testMinAgePositive" time="0.0" classname="online_tusur.unit_online_tusur.StudentTestng">
    <skipped/>
  </testcase> <!-- testMinAgePositive -->
  <testcase name="testMinAgePositive" time="0.0" classname="online_tusur.unit_online_tusur.StudentTestng">
    <skipped/>
  </testcase> <!-- testMinAgePositive -->
  <testcase name="testMinAgePositive" time="0.0" classname="online_tusur.unit_online_tusur.StudentTestng">
    <skipped/>
  </testcase> <!-- testMinAgePositive -->
  <testcase name="testMinAgePositive" time="0.0" classname="online_tusur.unit_online_tusur.StudentTestng">
    <skipped/>
  </testcase> <!-- testMinAgePositive -->
  <testcase name="testMaxAgeNegative" time="0.001" classname="online_tusur.unit_online_tusur.StudentTestng"/>
  <testcase name="testMaxAgeNegative" time="0.0" classname="online_tusur.unit_online_tusur.StudentTestng">
    <skipped/>
  </testcase> <!-- testMaxAgeNegative -->
  <testcase name="testMaxAgeNegative" time="0.0" classname="online_tusur.unit_online_tusur.StudentTestng"/>
  <testcase name="testMaxAgeNegative" time="0.001" classname="online_tusur.unit_online_tusur.StudentTestng"/>
  <testcase name="testMaxAgeNegative" time="0.0" classname="online_tusur.unit_online_tusur.StudentTestng">
    <skipped/>
  </testcase> <!-- testMaxAgeNegative -->
  <testcase name="testMaxAgeNegative" time="0.0" classname="online_tusur.unit_online_tusur.StudentTestng">
    <skipped/>
  </testcase> <!-- testMaxAgeNegative -->
  <testcase name="testMaxAgeNegative" time="0.001" classname="online_tusur.unit_online_tusur.StudentTestng"/>
  <testcase name="testMaxAgeNegative" time="0.0" classname="online_tusur.unit_online_tusur.StudentTestng">
    <skipped/>
  </testcase> <!-- testMaxAgeNegative -->
  <testcase name="testMaxAgeNegative" time="0.0" classname="online_tusur.unit_online_tusur.StudentTestng"/>
  <testcase name="testMaxAgeNegative" time="0.0" classname="online_tusur.unit_online_tusur.StudentTestng">
    <skipped/>
  </testcase> <!-- testMaxAgeNegative -->
  <testcase name="testMaxAgeNegative" time="0.0" classname="online_tusur.unit_online_tusur.StudentTestng">
    <skipped/>
  </testcase> <!-- testMaxAgeNegative -->
  <testcase name="testMaxAgeNegative" time="0.0" classname="online_tusur.unit_online_tusur.StudentTestng"/>
  <testcase name="testMaxAgeNegative" time="0.0" classname="online_tusur.unit_online_tusur.StudentTestng"/>
  <testcase name="testMaxAgeNegative" time="0.0" classname="online_tusur.unit_online_tusur.StudentTestng"/>
  <testcase name="testMaxAgeNegative" time="0.001" classname="online_tusur.unit_online_tusur.StudentTestng"/>
  <testcase name="testMaxAgeNegative" time="0.001" classname="online_tusur.unit_online_tusur.StudentTestng"/>
  <testcase name="testMaxAgeNegative" time="0.001" classname="online_tusur.unit_online_tusur.StudentTestng"/>
  <testcase name="testMaxAgeNegative" time="0.001" classname="online_tusur.unit_online_tusur.StudentTestng"/>
  <testcase name="testMaxAgeNegative" time="0.0" classname="online_tusur.unit_online_tusur.StudentTestng"/>
  <testcase name="testMaxAgeNegative" time="0.0" classname="online_tusur.unit_online_tusur.StudentTestng"/>
  <testcase name="testMaxAgeNegative" time="0.0" classname="online_tusur.unit_online_tusur.StudentTestng"/>
  <testcase name="testMinAgeNegative" time="0.001" classname="online_tusur.unit_online_tusur.StudentTestng">
    <failure type="java.lang.AssertionError" message="{49, 20, -18}. При проверке методов &amp;quot;setAge()&amp;quot; и &amp;quot;minAge()&amp;quot; фактическое значение максимального возраста студентов (18) не совпало с ожидаемым (20) expected [18] but found [20]">
      <![CDATA[java.lang.AssertionError: {49, 20, -18}. При проверке методов "setAge()" и "minAge()" фактическое значение максимального возраста студентов (18) не совпало с ожидаемым (20) expected [18] but found [20]
at online_tusur.unit_online_tusur.StudentTestng.testMinAgeNegative(StudentTestng.java:177)
at java.util.concurrent.ThreadPoolExecutor.runWorker(ThreadPoolExecutor.java:1149)
at java.util.concurrent.ThreadPoolExecutor$Worker.run(ThreadPoolExecutor.java:624)
at java.lang.Thread.run(Thread.java:748)
... Removed 16 stack frames]]>
    </failure>
  </testcase> <!-- testMinAgeNegative -->
  <testcase name="testMinAgeNegative" time="0.001" classname="online_tusur.unit_online_tusur.StudentTestng">
    <skipped/>
  </testcase> <!-- testMinAgeNegative -->
  <testcase name="testMinAgeNegative" time="0.0" classname="online_tusur.unit_online_tusur.StudentTestng">
    <failure type="java.lang.AssertionError" message="{32, 37, 0}. При проверке методов &amp;quot;setAge()&amp;quot; и &amp;quot;minAge()&amp;quot; фактическое значение максимального возраста студентов (18) не совпало с ожидаемым (32) expected [18] but found [32]">
      <![CDATA[java.lang.AssertionError: {32, 37, 0}. При проверке методов "setAge()" и "minAge()" фактическое значение максимального возраста студентов (18) не совпало с ожидаемым (32) expected [18] but found [32]
at online_tusur.unit_online_tusur.StudentTestng.testMinAgeNegative(StudentTestng.java:177)
at java.util.concurrent.ThreadPoolExecutor.runWorker(ThreadPoolExecutor.java:1149)
at java.util.concurrent.ThreadPoolExecutor$Worker.run(ThreadPoolExecutor.java:624)
at java.lang.Thread.run(Thread.java:748)
... Removed 16 stack frames]]>
    </failure>
  </testcase> <!-- testMinAgeNegative -->
  <testcase name="testMinAgeNegative" time="0.0" classname="online_tusur.unit_online_tusur.StudentTestng">
    <failure type="java.lang.AssertionError" message="{-50, 37, 32}. При проверке методов &amp;quot;setAge()&amp;quot; и &amp;quot;minAge()&amp;quot; фактическое значение максимального возраста студентов (18) не совпало с ожидаемым (29) expected [18] but found [29]">
      <![CDATA[java.lang.AssertionError: {-50, 37, 32}. При проверке методов "setAge()" и "minAge()" фактическое значение максимального возраста студентов (18) не совпало с ожидаемым (29) expected [18] but found [29]
at online_tusur.unit_online_tusur.StudentTestng.testMinAgeNegative(StudentTestng.java:177)
at java.util.concurrent.ThreadPoolExecutor.runWorker(ThreadPoolExecutor.java:1149)
at java.util.concurrent.ThreadPoolExecutor$Worker.run(ThreadPoolExecutor.java:624)
at java.lang.Thread.run(Thread.java:748)
... Removed 16 stack frames]]>
    </failure>
  </testcase> <!-- testMinAgeNegative -->
  <testcase name="testMinAgeNegative" time="0.0" classname="online_tusur.unit_online_tusur.StudentTestng"/>
  <testcase name="testMinAgeNegative" time="0.001" classname="online_tusur.unit_online_tusur.StudentTestng"/>
  <testcase name="testMinAgeNegative" time="0.0" classname="online_tusur.unit_online_tusur.StudentTestng">
    <skipped/>
  </testcase> <!-- testMinAgeNegative -->
  <testcase name="testMinAgeNegative" time="0.0" classname="online_tusur.unit_online_tusur.StudentTestng">
    <failure type="java.lang.AssertionError" message="{-18, 32, 49}. При проверке методов &amp;quot;setAge()&amp;quot; и &amp;quot;minAge()&amp;quot; фактическое значение максимального возраста студентов (18) не совпало с ожидаемым (32) expected [18] but found [32]">
      <![CDATA[java.lang.AssertionError: {-18, 32, 49}. При проверке методов "setAge()" и "minAge()" фактическое значение максимального возраста студентов (18) не совпало с ожидаемым (32) expected [18] but found [32]
at online_tusur.unit_online_tusur.StudentTestng.testMinAgeNegative(StudentTestng.java:177)
at java.util.concurrent.ThreadPoolExecutor.runWorker(ThreadPoolExecutor.java:1149)
at java.util.concurrent.ThreadPoolExecutor$Worker.run(ThreadPoolExecutor.java:624)
at java.lang.Thread.run(Thread.java:748)
... Removed 16 stack frames]]>
    </failure>
  </testcase> <!-- testMinAgeNegative -->
  <testcase name="testMinAgeNegative" time="0.001" classname="online_tusur.unit_online_tusur.StudentTestng"/>
  <testcase name="testMinAgeNegative" time="0.001" classname="online_tusur.unit_online_tusur.StudentTestng">
    <skipped/>
  </testcase> <!-- testMinAgeNegative -->
  <testcase name="testMinAgeNegative" time="0.001" classname="online_tusur.unit_online_tusur.StudentTestng"/>
  <testcase name="testMinAgeNegative" time="0.0" classname="online_tusur.unit_online_tusur.StudentTestng">
    <skipped/>
  </testcase> <!-- testMinAgeNegative -->
  <testcase name="testMinAgeNegative" time="0.0" classname="online_tusur.unit_online_tusur.StudentTestng">
    <skipped/>
  </testcase> <!-- testMinAgeNegative -->
  <testcase name="testMinAgeNegative" time="0.0" classname="online_tusur.unit_online_tusur.StudentTestng"/>
  <testcase name="testMinAgeNegative" time="0.001" classname="online_tusur.unit_online_tusur.StudentTestng">
    <failure type="java.lang.AssertionError" message="{34, 0, 23}. При проверке методов &amp;quot;setAge()&amp;quot; и &amp;quot;minAge()&amp;quot; фактическое значение максимального возраста студентов (18) не совпало с ожидаемым (23) expected [18] but found [23]">
      <![CDATA[java.lang.AssertionError: {34, 0, 23}. При проверке методов "setAge()" и "minAge()" фактическое значение максимального возраста студентов (18) не совпало с ожидаемым (23) expected [18] but found [23]
at online_tusur.unit_online_tusur.StudentTestng.testMinAgeNegative(StudentTestng.java:177)
at java.util.concurrent.ThreadPoolExecutor.runWorker(ThreadPoolExecutor.java:1149)
at java.util.concurrent.ThreadPoolExecutor$Worker.run(ThreadPoolExecutor.java:624)
at java.lang.Thread.run(Thread.java:748)
... Removed 16 stack frames]]>
    </failure>
  </testcase> <!-- testMinAgeNegative -->
  <testcase name="testMinAgeNegative" time="0.001" classname="online_tusur.unit_online_tusur.StudentTestng">
    <failure type="java.lang.AssertionError" message="{47, 19, -50}. При проверке методов &amp;quot;setAge()&amp;quot; и &amp;quot;minAge()&amp;quot; фактическое значение максимального возраста студентов (18) не совпало с ожидаемым (19) expected [18] but found [19]">
      <![CDATA[java.lang.AssertionError: {47, 19, -50}. При проверке методов "setAge()" и "minAge()" фактическое значение максимального возраста студентов (18) не совпало с ожидаемым (19) expected [18] but found [19]
at online_tusur.unit_online_tusur.StudentTestng.testMinAgeNegative(StudentTestng.java:177)
at java.util.concurrent.ThreadPoolExecutor.runWorker(ThreadPoolExecutor.java:1149)
at java.util.concurrent.ThreadPoolExecutor$Worker.run(ThreadPoolExecutor.java:624)
at java.lang.Thread.run(Thread.java:748)
... Removed 16 stack frames]]>
    </failure>
  </testcase> <!-- testMinAgeNegative -->
  <testcase name="testMinAgeNegative" time="0.001" classname="online_tusur.unit_online_tusur.StudentTestng"/>
  <testcase name="testMinAgeNegative" time="0.0" classname="online_tusur.unit_online_tusur.StudentTestng">
    <skipped/>
  </testcase> <!-- testMinAgeNegative -->
  <testcase name="testMinAgeNegative" time="0.0" classname="online_tusur.unit_online_tusur.StudentTestng"/>
  <testcase name="testMinAgeNegative" time="0.0" classname="online_tusur.unit_online_tusur.StudentTestng"/>
  <testcase name="testMinAgeNegative" time="0.0" classname="online_tusur.unit_online_tusur.StudentTestng">
    <failure type="java.lang.AssertionError" message="{29, -18, 22}. При проверке методов &amp;quot;setAge()&amp;quot; и &amp;quot;minAge()&amp;quot; фактическое значение максимального возраста студентов (18) не совпало с ожидаемым (22) expected [18] but found [22]">
      <![CDATA[java.lang.AssertionError: {29, -18, 22}. При проверке методов "setAge()" и "minAge()" фактическое значение максимального возраста студентов (18) не совпало с ожидаемым (22) expected [18] but found [22]
at online_tusur.unit_online_tusur.StudentTestng.testMinAgeNegative(StudentTestng.java:177)
at java.util.concurrent.ThreadPoolExecutor.runWorker(ThreadPoolExecutor.java:1149)
at java.util.concurrent.ThreadPoolExecutor$Worker.run(ThreadPoolExecutor.java:624)
at java.lang.Thread.run(Thread.java:748)
... Removed 15 stack frames]]>
    </failure>
  </testcase> <!-- testMinAgeNegative -->
</testsuite> <!-- Test -->
