<?xml version="1.0" encoding="UTF-8"?>
<testsuite xmlns:xsi="http://www.w3.org/2001/XMLSchema-instance" xsi:noNamespaceSchemaLocation="https://maven.apache.org/surefire/maven-surefire-plugin/xsd/surefire-test-report.xsd" name="online_tusur.unit_online_tusur.StudentTest" time="0.013" tests="2" errors="0" skipped="0" failures="0">
  <properties>
[...]
</properties>
  <testcase name="negaTestSetAge" classname="online_tusur.unit_online_tusur.StudentTest" time="0.007"/>
  <testcase name="negaTestFirstName" classname="online_tusur.unit_online_tusur.StudentTest" time="0.002"/>
</testsuite>