<?xml version="1.0" encoding="UTF-8"?>
<!-- Generated by org.testng.reporters.JUnitReportReporter -->
<testsuite hostname="GLaDOS" failures="0" tests="4" name="online_tusur.unit_online_tusur.StudentTestNG$TestFactory" time="0.001" errors="0" timestamp="2020-01-26T21:46:33 YEKT" skipped="0">
  <testcase classname="online_tusur.unit_online_tusur.StudentTestNG$TestFactory" name="testPow" time="0.001"/>
  <testcase classname="online_tusur.unit_online_tusur.StudentTestNG$TestFactory" name="testPow" time="0.000"/>
  <testcase classname="online_tusur.unit_online_tusur.StudentTestNG$TestFactory" name="testPow" time="0.000"/>
  <testcase classname="online_tusur.unit_online_tusur.StudentTestNG$TestFactory" name="testPow" time="0.000"/>
</testsuite> <!-- online_tusur.unit_online_tusur.StudentTestNG$TestFactory -->
